{"meta": {"format": 3, "version": "7.9.2", "timestamp": "2025-11-10T17:04:57.341120", "branch_coverage": false, "show_contexts": false}, "files": {"src/backend/base/langbuilder/services/database/models/user_role_assignment/schema.py": {"executed_lines": [1, 53, 54, 56, 59, 60, 62, 63, 64, 65, 67, 68, 69, 71, 72, 73, 74, 75, 76, 77, 78, 80, 81, 82, 84, 85, 86, 87, 88, 90, 91, 92, 94, 95, 96, 97, 100, 101, 103, 105, 106, 107, 109, 110, 111, 112, 115, 116, 122, 123, 124, 125, 126, 127, 128, 129, 130, 131, 133, 134, 137, 138, 140, 141, 142, 143, 145, 146, 149, 150, 152, 153, 154, 157, 160, 161, 163, 165, 166, 167, 169, 170, 171, 172, 173, 174, 175, 178, 179, 181, 182, 183, 184, 187, 188, 190], "summary": {"covered_lines": 87, "num_statements": 87, "percent_covered": 100.0, "percent_covered_display": "100", "missing_lines": 0, "excluded_lines": 0}, "missing_lines": [], "excluded_lines": [], "functions": {"UserRoleAssignmentCreate.validate_scope_id": {"executed_lines": [71, 72, 73, 74, 75, 76, 77, 78], "summary": {"covered_lines": 8, "num_statements": 8, "percent_covered": 100.0, "percent_covered_display": "100", "missing_lines": 0, "excluded_lines": 0}, "missing_lines": [], "excluded_lines": []}, "UserRoleAssignmentCreate.validate_scope_type": {"executed_lines": [84, 85, 86, 87, 88], "summary": {"covered_lines": 5, "num_statements": 5, "percent_covered": 100.0, "percent_covered_display": "100", "missing_lines": 0, "excluded_lines": 0}, "missing_lines": [], "excluded_lines": []}, "UserRoleAssignmentCreate.validate_role_name": {"executed_lines": [94, 95, 96, 97], "summary": {"covered_lines": 4, "num_statements": 4, "percent_covered": 100.0, "percent_covered_display": "100", "missing_lines": 0, "excluded_lines": 0}, "missing_lines": [], "excluded_lines": []}, "UserRoleAssignmentUpdate.validate_role_name": {"executed_lines": [109, 110, 111, 112], "summary": {"covered_lines": 4, "num_statements": 4, "percent_covered": 100.0, "percent_covered_display": "100", "missing_lines": 0, "excluded_lines": 0}, "missing_lines": [], "excluded_lines": []}, "PermissionCheckRequest.validate_checks_not_empty": {"executed_lines": [169, 170, 171, 172, 173, 174, 175], "summary": {"covered_lines": 7, "num_statements": 7, "percent_covered": 100.0, "percent_covered_display": "100", "missing_lines": 0, "excluded_lines": 0}, "missing_lines": [], "excluded_lines": []}, "": {"executed_lines": [1, 53, 54, 56, 59, 60, 62, 63, 64, 65, 67, 68, 69, 80, 81, 82, 90, 91, 92, 100, 101, 103, 105, 106, 107, 115, 116, 122, 123, 124, 125, 126, 127, 128, 129, 130, 131, 133, 134, 137, 138, 140, 141, 142, 143, 145, 146, 149, 150, 152, 153, 154, 157, 160, 161, 163, 165, 166, 167, 178, 179, 181, 182, 183, 184, 187, 188, 190], "summary": {"covered_lines": 59, "num_statements": 59, "percent_covered": 100.0, "percent_covered_display": "100", "missing_lines": 0, "excluded_lines": 0}, "missing_lines": [], "excluded_lines": []}}, "classes": {"UserRoleAssignmentCreate": {"executed_lines": [71, 72, 73, 74, 75, 76, 77, 78, 84, 85, 86, 87, 88, 94, 95, 96, 97], "summary": {"covered_lines": 17, "num_statements": 17, "percent_covered": 100.0, "percent_covered_display": "100", "missing_lines": 0, "excluded_lines": 0}, "missing_lines": [], "excluded_lines": []}, "UserRoleAssignmentUpdate": {"executed_lines": [109, 110, 111, 112], "summary": {"covered_lines": 4, "num_statements": 4, "percent_covered": 100.0, "percent_covered_display": "100", "missing_lines": 0, "excluded_lines": 0}, "missing_lines": [], "excluded_lines": []}, "UserRoleAssignmentRead": {"executed_lines": [], "summary": {"covered_lines": 0, "num_statements": 0, "percent_covered": 100.0, "percent_covered_display": "100", "missing_lines": 0, "excluded_lines": 0}, "missing_lines": [], "excluded_lines": []}, "UserRoleAssignmentRead.Config": {"executed_lines": [], "summary": {"covered_lines": 0, "num_statements": 0, "percent_covered": 100.0, "percent_covered_display": "100", "missing_lines": 0, "excluded_lines": 0}, "missing_lines": [], "excluded_lines": []}, "RoleRead": {"executed_lines": [], "summary": {"covered_lines": 0, "num_statements": 0, "percent_covered": 100.0, "percent_covered_display": "100", "missing_lines": 0, "excluded_lines": 0}, "missing_lines": [], "excluded_lines": []}, "RoleRead.Config": {"executed_lines": [], "summary": {"covered_lines": 0, "num_statements": 0, "percent_covered": 100.0, "percent_covered_display": "100", "missing_lines": 0, "excluded_lines": 0}, "missing_lines": [], "excluded_lines": []}, "PermissionCheck": {"executed_lines": [], "summary": {"covered_lines": 0, "num_statements": 0, "percent_covered": 100.0, "percent_covered_display": "100", "missing_lines": 0, "excluded_lines": 0}, "missing_lines": [], "excluded_lines": []}, "PermissionCheckRequest": {"executed_lines": [169, 170, 171, 172, 173, 174, 175], "summary": {"covered_lines": 7, "num_statements": 7, "percent_covered": 100.0, "percent_covered_display": "100", "missing_lines": 0, "excluded_lines": 0}, "missing_lines": [], "excluded_lines": []}, "PermissionCheckResult": {"executed_lines": [], "summary": {"covered_lines": 0, "num_statements": 0, "percent_covered": 100.0, "percent_covered_display": "100", "missing_lines": 0, "excluded_lines": 0}, "missing_lines": [], "excluded_lines": []}, "PermissionCheckResponse": {"executed_lines": [], "summary": {"covered_lines": 0, "num_statements": 0, "percent_covered": 100.0, "percent_covered_display": "100", "missing_lines": 0, "excluded_lines": 0}, "missing_lines": [], "excluded_lines": []}, "": {"executed_lines": [1, 53, 54, 56, 59, 60, 62, 63, 64, 65, 67, 68, 69, 80, 81, 82, 90, 91, 92, 100, 101, 103, 105, 106, 107, 115, 116, 122, 123, 124, 125, 126, 127, 128, 129, 130, 131, 133, 134, 137, 138, 140, 141, 142, 143, 145, 146, 149, 150, 152, 153, 154, 157, 160, 161, 163, 165, 166, 167, 178, 179, 181, 182, 183, 184, 187, 188, 190], "summary": {"covered_lines": 59, "num_statements": 59, "percent_covered": 100.0, "percent_covered_display": "100", "missing_lines": 0, "excluded_lines": 0}, "missing_lines": [], "excluded_lines": []}}}}, "totals": {"covered_lines": 87, "num_statements": 87, "percent_covered": 100.0, "percent_covered_display": "100", "missing_lines": 0, "excluded_lines": 0}}