{"meta": {"format": 3, "version": "7.9.2", "timestamp": "2025-11-08T17:51:27.183991", "branch_coverage": false, "show_contexts": false}, "files": {"src/backend/base/langbuilder/services/database/models/api_key/crud.py": {"executed_lines": [1, 2, 3, 4, 6, 7, 8, 10, 11, 12, 14, 18, 24, 43, 52, 64], "summary": {"covered_lines": 16, "num_statements": 51, "percent_covered": 31.372549019607842, "percent_covered_display": "31", "missing_lines": 35, "excluded_lines": 0}, "missing_lines": [15, 19, 20, 21, 26, 28, 35, 36, 37, 38, 39, 40, 44, 45, 46, 47, 48, 49, 54, 55, 56, 57, 58, 59, 60, 61, 66, 67, 68, 69, 70, 71, 72, 73, 74], "excluded_lines": [], "functions": {"get_api_keys": {"executed_lines": [], "summary": {"covered_lines": 0, "num_statements": 3, "percent_covered": 0.0, "percent_covered_display": "0", "missing_lines": 3, "excluded_lines": 0}, "missing_lines": [19, 20, 21], "excluded_lines": []}, "create_api_key": {"executed_lines": [], "summary": {"covered_lines": 0, "num_statements": 8, "percent_covered": 0.0, "percent_covered_display": "0", "missing_lines": 8, "excluded_lines": 0}, "missing_lines": [26, 28, 35, 36, 37, 38, 39, 40], "excluded_lines": []}, "delete_api_key": {"executed_lines": [], "summary": {"covered_lines": 0, "num_statements": 6, "percent_covered": 0.0, "percent_covered_display": "0", "missing_lines": 6, "excluded_lines": 0}, "missing_lines": [44, 45, 46, 47, 48, 49], "excluded_lines": []}, "check_key": {"executed_lines": [], "summary": {"covered_lines": 0, "num_statements": 8, "percent_covered": 0.0, "percent_covered_display": "0", "missing_lines": 8, "excluded_lines": 0}, "missing_lines": [54, 55, 56, 57, 58, 59, 60, 61], "excluded_lines": []}, "update_total_uses": {"executed_lines": [], "summary": {"covered_lines": 0, "num_statements": 9, "percent_covered": 0.0, "percent_covered_display": "0", "missing_lines": 9, "excluded_lines": 0}, "missing_lines": [66, 67, 68, 69, 70, 71, 72, 73, 74], "excluded_lines": []}, "": {"executed_lines": [1, 2, 3, 4, 6, 7, 8, 10, 11, 12, 14, 18, 24, 43, 52, 64], "summary": {"covered_lines": 16, "num_statements": 17, "percent_covered": 94.11764705882354, "percent_covered_display": "94", "missing_lines": 1, "excluded_lines": 0}, "missing_lines": [15], "excluded_lines": []}}, "classes": {"": {"executed_lines": [1, 2, 3, 4, 6, 7, 8, 10, 11, 12, 14, 18, 24, 43, 52, 64], "summary": {"covered_lines": 16, "num_statements": 51, "percent_covered": 31.372549019607842, "percent_covered_display": "31", "missing_lines": 35, "excluded_lines": 0}, "missing_lines": [15, 19, 20, 21, 26, 28, 35, 36, 37, 38, 39, 40, 44, 45, 46, 47, 48, 49, 54, 55, 56, 57, 58, 59, 60, 61, 66, 67, 68, 69, 70, 71, 72, 73, 74], "excluded_lines": []}}}, "src/backend/base/langbuilder/services/database/models/api_key/model.py": {"executed_lines": [1, 2, 3, 5, 6, 8, 10, 14, 18, 19, 20, 21, 22, 25, 26, 27, 30, 33, 34, 39, 40, 41, 42, 44, 45, 46, 50, 51, 52, 53, 56, 57, 58, 59, 60, 62, 63, 64], "summary": {"covered_lines": 38, "num_statements": 42, "percent_covered": 90.47619047619048, "percent_covered_display": "90", "missing_lines": 4, "excluded_lines": 0}, "missing_lines": [11, 15, 47, 66], "excluded_lines": [], "functions": {"utc_now": {"executed_lines": [], "summary": {"covered_lines": 0, "num_statements": 1, "percent_covered": 0.0, "percent_covered_display": "0", "missing_lines": 1, "excluded_lines": 0}, "missing_lines": [15], "excluded_lines": []}, "ApiKeyCreate.set_created_at": {"executed_lines": [], "summary": {"covered_lines": 0, "num_statements": 1, "percent_covered": 0.0, "percent_covered_display": "0", "missing_lines": 1, "excluded_lines": 0}, "missing_lines": [47], "excluded_lines": []}, "ApiKeyRead.mask_api_key": {"executed_lines": [], "summary": {"covered_lines": 0, "num_statements": 1, "percent_covered": 0.0, "percent_covered_display": "0", "missing_lines": 1, "excluded_lines": 0}, "missing_lines": [66], "excluded_lines": []}, "": {"executed_lines": [1, 2, 3, 5, 6, 8, 10, 14, 18, 19, 20, 21, 22, 25, 26, 27, 30, 33, 34, 39, 40, 41, 42, 44, 45, 46, 50, 51, 52, 53, 56, 57, 58, 59, 60, 62, 63, 64], "summary": {"covered_lines": 38, "num_statements": 39, "percent_covered": 97.43589743589743, "percent_covered_display": "97", "missing_lines": 1, "excluded_lines": 0}, "missing_lines": [11], "excluded_lines": []}}, "classes": {"ApiKeyBase": {"executed_lines": [], "summary": {"covered_lines": 0, "num_statements": 0, "percent_covered": 100.0, "percent_covered_display": "100", "missing_lines": 0, "excluded_lines": 0}, "missing_lines": [], "excluded_lines": []}, "ApiKey": {"executed_lines": [], "summary": {"covered_lines": 0, "num_statements": 0, "percent_covered": 100.0, "percent_covered_display": "100", "missing_lines": 0, "excluded_lines": 0}, "missing_lines": [], "excluded_lines": []}, "ApiKeyCreate": {"executed_lines": [], "summary": {"covered_lines": 0, "num_statements": 1, "percent_covered": 0.0, "percent_covered_display": "0", "missing_lines": 1, "excluded_lines": 0}, "missing_lines": [47], "excluded_lines": []}, "UnmaskedApiKeyRead": {"executed_lines": [], "summary": {"covered_lines": 0, "num_statements": 0, "percent_covered": 100.0, "percent_covered_display": "100", "missing_lines": 0, "excluded_lines": 0}, "missing_lines": [], "excluded_lines": []}, "ApiKeyRead": {"executed_lines": [], "summary": {"covered_lines": 0, "num_statements": 1, "percent_covered": 0.0, "percent_covered_display": "0", "missing_lines": 1, "excluded_lines": 0}, "missing_lines": [66], "excluded_lines": []}, "": {"executed_lines": [1, 2, 3, 5, 6, 8, 10, 14, 18, 19, 20, 21, 22, 25, 26, 27, 30, 33, 34, 39, 40, 41, 42, 44, 45, 46, 50, 51, 52, 53, 56, 57, 58, 59, 60, 62, 63, 64], "summary": {"covered_lines": 38, "num_statements": 40, "percent_covered": 95.0, "percent_covered_display": "95", "missing_lines": 2, "excluded_lines": 0}, "missing_lines": [11, 15], "excluded_lines": []}}}, "src/backend/base/langbuilder/services/database/models/base.py": {"executed_lines": [1, 4], "summary": {"covered_lines": 2, "num_statements": 10, "percent_covered": 20.0, "percent_covered_display": "20", "missing_lines": 8, "excluded_lines": 0}, "missing_lines": [5, 6, 11, 12, 14, 15, 16, 17], "excluded_lines": [], "functions": {"orjson_dumps": {"executed_lines": [], "summary": {"covered_lines": 0, "num_statements": 8, "percent_covered": 0.0, "percent_covered_display": "0", "missing_lines": 8, "excluded_lines": 0}, "missing_lines": [5, 6, 11, 12, 14, 15, 16, 17], "excluded_lines": []}, "": {"executed_lines": [1, 4], "summary": {"covered_lines": 2, "num_statements": 2, "percent_covered": 100.0, "percent_covered_display": "100", "missing_lines": 0, "excluded_lines": 0}, "missing_lines": [], "excluded_lines": []}}, "classes": {"": {"executed_lines": [1, 4], "summary": {"covered_lines": 2, "num_statements": 10, "percent_covered": 20.0, "percent_covered_display": "20", "missing_lines": 8, "excluded_lines": 0}, "missing_lines": [5, 6, 11, 12, 14, 15, 16, 17], "excluded_lines": []}}}, "src/backend/base/langbuilder/services/database/models/file/crud.py": {"executed_lines": [], "summary": {"covered_lines": 0, "num_statements": 9, "percent_covered": 0.0, "percent_covered_display": "0", "missing_lines": 9, "excluded_lines": 0}, "missing_lines": [1, 3, 4, 6, 9, 10, 11, 12, 14], "excluded_lines": [], "functions": {"get_file_by_id": {"executed_lines": [], "summary": {"covered_lines": 0, "num_statements": 4, "percent_covered": 0.0, "percent_covered_display": "0", "missing_lines": 4, "excluded_lines": 0}, "missing_lines": [10, 11, 12, 14], "excluded_lines": []}, "": {"executed_lines": [], "summary": {"covered_lines": 0, "num_statements": 5, "percent_covered": 0.0, "percent_covered_display": "0", "missing_lines": 5, "excluded_lines": 0}, "missing_lines": [1, 3, 4, 6, 9], "excluded_lines": []}}, "classes": {"": {"executed_lines": [], "summary": {"covered_lines": 0, "num_statements": 9, "percent_covered": 0.0, "percent_covered_display": "0", "missing_lines": 9, "excluded_lines": 0}, "missing_lines": [1, 3, 4, 6, 9, 10, 11, 12, 14], "excluded_lines": []}}}, "src/backend/base/langbuilder/services/database/models/file/model.py": {"executed_lines": [1, 2, 4, 6, 9, 10, 11, 12, 13, 14, 15, 16, 17], "summary": {"covered_lines": 13, "num_statements": 13, "percent_covered": 100.0, "percent_covered_display": "100", "missing_lines": 0, "excluded_lines": 0}, "missing_lines": [], "excluded_lines": [], "functions": {"": {"executed_lines": [1, 2, 4, 6, 9, 10, 11, 12, 13, 14, 15, 16, 17], "summary": {"covered_lines": 13, "num_statements": 13, "percent_covered": 100.0, "percent_covered_display": "100", "missing_lines": 0, "excluded_lines": 0}, "missing_lines": [], "excluded_lines": []}}, "classes": {"File": {"executed_lines": [], "summary": {"covered_lines": 0, "num_statements": 0, "percent_covered": 100.0, "percent_covered_display": "100", "missing_lines": 0, "excluded_lines": 0}, "missing_lines": [], "excluded_lines": []}, "": {"executed_lines": [1, 2, 4, 6, 9, 10, 11, 12, 13, 14, 15, 16, 17], "summary": {"covered_lines": 13, "num_statements": 13, "percent_covered": 100.0, "percent_covered_display": "100", "missing_lines": 0, "excluded_lines": 0}, "missing_lines": [], "excluded_lines": []}}}, "src/backend/base/langbuilder/services/database/models/flow/model.py": {"executed_lines": [3, 4, 5, 6, 7, 9, 10, 11, 12, 13, 19, 20, 21, 23, 25, 29, 32, 33, 34, 37, 39, 41, 42, 43, 44, 45, 46, 47, 48, 49, 50, 51, 52, 53, 54, 57, 62, 75, 76, 77, 92, 93, 94, 109, 110, 111, 149, 150, 151, 169, 170, 180, 181, 182, 191, 192, 193, 194, 195, 196, 197, 198, 199, 200, 201, 203, 214, 220, 221, 222, 223, 226, 227, 228, 229, 230, 233, 234, 236, 237, 238, 242, 243, 244, 245, 246, 247, 248, 249, 250, 252, 253, 254, 260, 261, 262, 263, 264, 265, 266, 267, 268, 269, 270, 271, 273, 274, 275], "summary": {"covered_lines": 107, "num_statements": 183, "percent_covered": 58.46994535519126, "percent_covered_display": "58", "missing_lines": 76, "excluded_lines": 0}, "missing_lines": [26, 27, 79, 80, 81, 85, 86, 90, 95, 96, 97, 99, 100, 101, 104, 105, 106, 107, 115, 116, 120, 121, 122, 125, 126, 128, 129, 130, 131, 133, 135, 137, 138, 139, 141, 142, 143, 144, 145, 146, 147, 152, 153, 154, 155, 156, 159, 160, 161, 162, 163, 164, 166, 171, 174, 175, 176, 177, 178, 183, 184, 185, 186, 188, 204, 205, 212, 255, 256, 257, 277, 278, 279, 283, 284, 288], "excluded_lines": [], "functions": {"FlowBase.validate_endpoint_name": {"executed_lines": [], "summary": {"covered_lines": 0, "num_statements": 6, "percent_covered": 0.0, "percent_covered_display": "0", "missing_lines": 6, "excluded_lines": 0}, "missing_lines": [79, 80, 81, 85, 86, 90], "excluded_lines": []}, "FlowBase.validate_icon_bg_color": {"executed_lines": [], "summary": {"covered_lines": 0, "num_statements": 10, "percent_covered": 0.0, "percent_covered_display": "0", "missing_lines": 10, "excluded_lines": 0}, "missing_lines": [95, 96, 97, 99, 100, 101, 104, 105, 106, 107], "excluded_lines": []}, "FlowBase.validate_icon_atr": {"executed_lines": [], "summary": {"covered_lines": 0, "num_statements": 23, "percent_covered": 0.0, "percent_covered_display": "0", "missing_lines": 23, "excluded_lines": 0}, "missing_lines": [115, 116, 120, 121, 122, 125, 126, 128, 129, 130, 131, 133, 135, 137, 138, 139, 141, 142, 143, 144, 145, 146, 147], "excluded_lines": []}, "FlowBase.validate_json": {"executed_lines": [], "summary": {"covered_lines": 0, "num_statements": 12, "percent_covered": 0.0, "percent_covered_display": "0", "missing_lines": 12, "excluded_lines": 0}, "missing_lines": [152, 153, 154, 155, 156, 159, 160, 161, 162, 163, 164, 166], "excluded_lines": []}, "FlowBase.serialize_datetime": {"executed_lines": [], "summary": {"covered_lines": 0, "num_statements": 6, "percent_covered": 0.0, "percent_covered_display": "0", "missing_lines": 6, "excluded_lines": 0}, "missing_lines": [171, 174, 175, 176, 177, 178], "excluded_lines": []}, "FlowBase.validate_dt": {"executed_lines": [], "summary": {"covered_lines": 0, "num_statements": 5, "percent_covered": 0.0, "percent_covered_display": "0", "missing_lines": 5, "excluded_lines": 0}, "missing_lines": [183, 184, 185, 186, 188], "excluded_lines": []}, "Flow.to_data": {"executed_lines": [], "summary": {"covered_lines": 0, "num_statements": 3, "percent_covered": 0.0, "percent_covered_display": "0", "missing_lines": 3, "excluded_lines": 0}, "missing_lines": [204, 205, 212], "excluded_lines": []}, "FlowHeader.validate_flow_header": {"executed_lines": [], "summary": {"covered_lines": 0, "num_statements": 3, "percent_covered": 0.0, "percent_covered_display": "0", "missing_lines": 3, "excluded_lines": 0}, "missing_lines": [255, 256, 257], "excluded_lines": []}, "FlowUpdate.validate_endpoint_name": {"executed_lines": [], "summary": {"covered_lines": 0, "num_statements": 6, "percent_covered": 0.0, "percent_covered_display": "0", "missing_lines": 6, "excluded_lines": 0}, "missing_lines": [277, 278, 279, 283, 284, 288], "excluded_lines": []}, "": {"executed_lines": [3, 4, 5, 6, 7, 9, 10, 11, 12, 13, 19, 20, 21, 23, 25, 29, 32, 33, 34, 37, 39, 41, 42, 43, 44, 45, 46, 47, 48, 49, 50, 51, 52, 53, 54, 57, 62, 75, 76, 77, 92, 93, 94, 109, 110, 111, 149, 150, 151, 169, 170, 180, 181, 182, 191, 192, 193, 194, 195, 196, 197, 198, 199, 200, 201, 203, 214, 220, 221, 222, 223, 226, 227, 228, 229, 230, 233, 234, 236, 237, 238, 242, 243, 244, 245, 246, 247, 248, 249, 250, 252, 253, 254, 260, 261, 262, 263, 264, 265, 266, 267, 268, 269, 270, 271, 273, 274, 275], "summary": {"covered_lines": 107, "num_statements": 109, "percent_covered": 98.1651376146789, "percent_covered_display": "98", "missing_lines": 2, "excluded_lines": 0}, "missing_lines": [26, 27], "excluded_lines": []}}, "classes": {"AccessTypeEnum": {"executed_lines": [], "summary": {"covered_lines": 0, "num_statements": 0, "percent_covered": 100.0, "percent_covered_display": "100", "missing_lines": 0, "excluded_lines": 0}, "missing_lines": [], "excluded_lines": []}, "FlowBase": {"executed_lines": [], "summary": {"covered_lines": 0, "num_statements": 62, "percent_covered": 0.0, "percent_covered_display": "0", "missing_lines": 62, "excluded_lines": 0}, "missing_lines": [79, 80, 81, 85, 86, 90, 95, 96, 97, 99, 100, 101, 104, 105, 106, 107, 115, 116, 120, 121, 122, 125, 126, 128, 129, 130, 131, 133, 135, 137, 138, 139, 141, 142, 143, 144, 145, 146, 147, 152, 153, 154, 155, 156, 159, 160, 161, 162, 163, 164, 166, 171, 174, 175, 176, 177, 178, 183, 184, 185, 186, 188], "excluded_lines": []}, "Flow": {"executed_lines": [], "summary": {"covered_lines": 0, "num_statements": 3, "percent_covered": 0.0, "percent_covered_display": "0", "missing_lines": 3, "excluded_lines": 0}, "missing_lines": [204, 205, 212], "excluded_lines": []}, "FlowCreate": {"executed_lines": [], "summary": {"covered_lines": 0, "num_statements": 0, "percent_covered": 100.0, "percent_covered_display": "100", "missing_lines": 0, "excluded_lines": 0}, "missing_lines": [], "excluded_lines": []}, "FlowRead": {"executed_lines": [], "summary": {"covered_lines": 0, "num_statements": 0, "percent_covered": 100.0, "percent_covered_display": "100", "missing_lines": 0, "excluded_lines": 0}, "missing_lines": [], "excluded_lines": []}, "FlowHeader": {"executed_lines": [], "summary": {"covered_lines": 0, "num_statements": 3, "percent_covered": 0.0, "percent_covered_display": "0", "missing_lines": 3, "excluded_lines": 0}, "missing_lines": [255, 256, 257], "excluded_lines": []}, "FlowUpdate": {"executed_lines": [], "summary": {"covered_lines": 0, "num_statements": 6, "percent_covered": 0.0, "percent_covered_display": "0", "missing_lines": 6, "excluded_lines": 0}, "missing_lines": [277, 278, 279, 283, 284, 288], "excluded_lines": []}, "": {"executed_lines": [3, 4, 5, 6, 7, 9, 10, 11, 12, 13, 19, 20, 21, 23, 25, 29, 32, 33, 34, 37, 39, 41, 42, 43, 44, 45, 46, 47, 48, 49, 50, 51, 52, 53, 54, 57, 62, 75, 76, 77, 92, 93, 94, 109, 110, 111, 149, 150, 151, 169, 170, 180, 181, 182, 191, 192, 193, 194, 195, 196, 197, 198, 199, 200, 201, 203, 214, 220, 221, 222, 223, 226, 227, 228, 229, 230, 233, 234, 236, 237, 238, 242, 243, 244, 245, 246, 247, 248, 249, 250, 252, 253, 254, 260, 261, 262, 263, 264, 265, 266, 267, 268, 269, 270, 271, 273, 274, 275], "summary": {"covered_lines": 107, "num_statements": 109, "percent_covered": 98.1651376146789, "percent_covered_display": "98", "missing_lines": 2, "excluded_lines": 0}, "missing_lines": [26, 27], "excluded_lines": []}}}, "src/backend/base/langbuilder/services/database/models/flow/schema.py": {"executed_lines": [], "summary": {"covered_lines": 0, "num_statements": 4, "percent_covered": 0.0, "percent_covered_display": "0", "missing_lines": 4, "excluded_lines": 0}, "missing_lines": [1, 4, 5, 6], "excluded_lines": [], "functions": {"": {"executed_lines": [], "summary": {"covered_lines": 0, "num_statements": 4, "percent_covered": 0.0, "percent_covered_display": "0", "missing_lines": 4, "excluded_lines": 0}, "missing_lines": [1, 4, 5, 6], "excluded_lines": []}}, "classes": {"Tags": {"executed_lines": [], "summary": {"covered_lines": 0, "num_statements": 0, "percent_covered": 100.0, "percent_covered_display": "100", "missing_lines": 0, "excluded_lines": 0}, "missing_lines": [], "excluded_lines": []}, "": {"executed_lines": [], "summary": {"covered_lines": 0, "num_statements": 4, "percent_covered": 0.0, "percent_covered_display": "0", "missing_lines": 4, "excluded_lines": 0}, "missing_lines": [1, 4, 5, 6], "excluded_lines": []}}}, "src/backend/base/langbuilder/services/database/models/flow/utils.py": {"executed_lines": [1, 3, 6, 15, 22, 35], "summary": {"covered_lines": 6, "num_statements": 31, "percent_covered": 19.35483870967742, "percent_covered_display": "19", "missing_lines": 25, "excluded_lines": 0}, "missing_lines": [8, 9, 10, 11, 12, 17, 18, 19, 23, 24, 25, 26, 27, 28, 29, 30, 31, 32, 36, 37, 38, 39, 40, 41, 42], "excluded_lines": [], "functions": {"get_webhook_component_in_flow": {"executed_lines": [], "summary": {"covered_lines": 0, "num_statements": 5, "percent_covered": 0.0, "percent_covered_display": "0", "missing_lines": 5, "excluded_lines": 0}, "missing_lines": [8, 9, 10, 11, 12], "excluded_lines": []}, "get_all_webhook_components_in_flow": {"executed_lines": [], "summary": {"covered_lines": 0, "num_statements": 3, "percent_covered": 0.0, "percent_covered_display": "0", "missing_lines": 3, "excluded_lines": 0}, "missing_lines": [17, 18, 19], "excluded_lines": []}, "get_components_versions": {"executed_lines": [], "summary": {"covered_lines": 0, "num_statements": 10, "percent_covered": 0.0, "percent_covered_display": "0", "missing_lines": 10, "excluded_lines": 0}, "missing_lines": [23, 24, 25, 26, 27, 28, 29, 30, 31, 32], "excluded_lines": []}, "get_outdated_components": {"executed_lines": [], "summary": {"covered_lines": 0, "num_statements": 7, "percent_covered": 0.0, "percent_covered_display": "0", "missing_lines": 7, "excluded_lines": 0}, "missing_lines": [36, 37, 38, 39, 40, 41, 42], "excluded_lines": []}, "": {"executed_lines": [1, 3, 6, 15, 22, 35], "summary": {"covered_lines": 6, "num_statements": 6, "percent_covered": 100.0, "percent_covered_display": "100", "missing_lines": 0, "excluded_lines": 0}, "missing_lines": [], "excluded_lines": []}}, "classes": {"": {"executed_lines": [1, 3, 6, 15, 22, 35], "summary": {"covered_lines": 6, "num_statements": 31, "percent_covered": 19.35483870967742, "percent_covered_display": "19", "missing_lines": 25, "excluded_lines": 0}, "missing_lines": [8, 9, 10, 11, 12, 17, 18, 19, 23, 24, 25, 26, 27, 28, 29, 30, 31, 32, 36, 37, 38, 39, 40, 41, 42], "excluded_lines": []}}}, "src/backend/base/langbuilder/services/database/models/folder/constants.py": {"executed_lines": [1, 2], "summary": {"covered_lines": 2, "num_statements": 2, "percent_covered": 100.0, "percent_covered_display": "100", "missing_lines": 0, "excluded_lines": 0}, "missing_lines": [], "excluded_lines": [], "functions": {"": {"executed_lines": [1, 2], "summary": {"covered_lines": 2, "num_statements": 2, "percent_covered": 100.0, "percent_covered_display": "100", "missing_lines": 0, "excluded_lines": 0}, "missing_lines": [], "excluded_lines": []}}, "classes": {"": {"executed_lines": [1, 2], "summary": {"covered_lines": 2, "num_statements": 2, "percent_covered": 100.0, "percent_covered_display": "100", "missing_lines": 0, "excluded_lines": 0}, "missing_lines": [], "excluded_lines": []}}}, "src/backend/base/langbuilder/services/database/models/folder/model.py": {"executed_lines": [1, 2, 4, 5, 7, 8, 11, 12, 13, 14, 21, 22, 23, 25, 29, 30, 31, 32, 36, 39, 40, 41, 44, 45, 46, 49, 50, 51, 52, 55, 56, 57, 58, 59, 60, 61], "summary": {"covered_lines": 36, "num_statements": 36, "percent_covered": 100.0, "percent_covered_display": "100", "missing_lines": 0, "excluded_lines": 0}, "missing_lines": [], "excluded_lines": [], "functions": {"": {"executed_lines": [1, 2, 4, 5, 7, 8, 11, 12, 13, 14, 21, 22, 23, 25, 29, 30, 31, 32, 36, 39, 40, 41, 44, 45, 46, 49, 50, 51, 52, 55, 56, 57, 58, 59, 60, 61], "summary": {"covered_lines": 36, "num_statements": 36, "percent_covered": 100.0, "percent_covered_display": "100", "missing_lines": 0, "excluded_lines": 0}, "missing_lines": [], "excluded_lines": []}}, "classes": {"FolderBase": {"executed_lines": [], "summary": {"covered_lines": 0, "num_statements": 0, "percent_covered": 100.0, "percent_covered_display": "100", "missing_lines": 0, "excluded_lines": 0}, "missing_lines": [], "excluded_lines": []}, "Folder": {"executed_lines": [], "summary": {"covered_lines": 0, "num_statements": 0, "percent_covered": 100.0, "percent_covered_display": "100", "missing_lines": 0, "excluded_lines": 0}, "missing_lines": [], "excluded_lines": []}, "FolderCreate": {"executed_lines": [], "summary": {"covered_lines": 0, "num_statements": 0, "percent_covered": 100.0, "percent_covered_display": "100", "missing_lines": 0, "excluded_lines": 0}, "missing_lines": [], "excluded_lines": []}, "FolderRead": {"executed_lines": [], "summary": {"covered_lines": 0, "num_statements": 0, "percent_covered": 100.0, "percent_covered_display": "100", "missing_lines": 0, "excluded_lines": 0}, "missing_lines": [], "excluded_lines": []}, "FolderReadWithFlows": {"executed_lines": [], "summary": {"covered_lines": 0, "num_statements": 0, "percent_covered": 100.0, "percent_covered_display": "100", "missing_lines": 0, "excluded_lines": 0}, "missing_lines": [], "excluded_lines": []}, "FolderUpdate": {"executed_lines": [], "summary": {"covered_lines": 0, "num_statements": 0, "percent_covered": 100.0, "percent_covered_display": "100", "missing_lines": 0, "excluded_lines": 0}, "missing_lines": [], "excluded_lines": []}, "": {"executed_lines": [1, 2, 4, 5, 7, 8, 11, 12, 13, 14, 21, 22, 23, 25, 29, 30, 31, 32, 36, 39, 40, 41, 44, 45, 46, 49, 50, 51, 52, 55, 56, 57, 58, 59, 60, 61], "summary": {"covered_lines": 36, "num_statements": 36, "percent_covered": 100.0, "percent_covered_display": "100", "missing_lines": 0, "excluded_lines": 0}, "missing_lines": [], "excluded_lines": []}}}, "src/backend/base/langbuilder/services/database/models/folder/pagination_model.py": {"executed_lines": [1, 3, 4, 5, 8, 9, 10], "summary": {"covered_lines": 7, "num_statements": 7, "percent_covered": 100.0, "percent_covered_display": "100", "missing_lines": 0, "excluded_lines": 0}, "missing_lines": [], "excluded_lines": [], "functions": {"": {"executed_lines": [1, 3, 4, 5, 8, 9, 10], "summary": {"covered_lines": 7, "num_statements": 7, "percent_covered": 100.0, "percent_covered_display": "100", "missing_lines": 0, "excluded_lines": 0}, "missing_lines": [], "excluded_lines": []}}, "classes": {"FolderWithPaginatedFlows": {"executed_lines": [], "summary": {"covered_lines": 0, "num_statements": 0, "percent_covered": 100.0, "percent_covered_display": "100", "missing_lines": 0, "excluded_lines": 0}, "missing_lines": [], "excluded_lines": []}, "": {"executed_lines": [1, 3, 4, 5, 8, 9, 10], "summary": {"covered_lines": 7, "num_statements": 7, "percent_covered": 100.0, "percent_covered_display": "100", "missing_lines": 0, "excluded_lines": 0}, "missing_lines": [], "excluded_lines": []}}}, "src/backend/base/langbuilder/services/database/models/folder/utils.py": {"executed_lines": [], "summary": {"covered_lines": 0, "num_statements": 23, "percent_covered": 0.0, "percent_covered_display": "0", "missing_lines": 23, "excluded_lines": 0}, "missing_lines": [1, 3, 4, 6, 7, 9, 10, 13, 14, 15, 16, 17, 22, 23, 24, 25, 35, 36, 39, 40, 43, 44, 45], "excluded_lines": [], "functions": {"create_default_folder_if_it_doesnt_exist": {"executed_lines": [], "summary": {"covered_lines": 0, "num_statements": 10, "percent_covered": 0.0, "percent_covered_display": "0", "missing_lines": 10, "excluded_lines": 0}, "missing_lines": [14, 15, 16, 17, 22, 23, 24, 25, 35, 36], "excluded_lines": []}, "get_default_folder_id": {"executed_lines": [], "summary": {"covered_lines": 0, "num_statements": 4, "percent_covered": 0.0, "percent_covered_display": "0", "missing_lines": 4, "excluded_lines": 0}, "missing_lines": [40, 43, 44, 45], "excluded_lines": []}, "": {"executed_lines": [], "summary": {"covered_lines": 0, "num_statements": 9, "percent_covered": 0.0, "percent_covered_display": "0", "missing_lines": 9, "excluded_lines": 0}, "missing_lines": [1, 3, 4, 6, 7, 9, 10, 13, 39], "excluded_lines": []}}, "classes": {"": {"executed_lines": [], "summary": {"covered_lines": 0, "num_statements": 23, "percent_covered": 0.0, "percent_covered_display": "0", "missing_lines": 23, "excluded_lines": 0}, "missing_lines": [1, 3, 4, 6, 7, 9, 10, 13, 14, 15, 16, 17, 22, 23, 24, 25, 35, 36, 39, 40, 43, 44, 45], "excluded_lines": []}}}, "src/backend/base/langbuilder/services/database/models/message/crud.py": {"executed_lines": [], "summary": {"covered_lines": 0, "num_statements": 20, "percent_covered": 0.0, "percent_covered_display": "0", "missing_lines": 20, "excluded_lines": 0}, "missing_lines": [1, 3, 4, 5, 8, 9, 10, 11, 12, 13, 14, 15, 16, 17, 18, 19, 20, 21, 24, 26], "excluded_lines": [], "functions": {"_update_message": {"executed_lines": [], "summary": {"covered_lines": 0, "num_statements": 13, "percent_covered": 0.0, "percent_covered_display": "0", "missing_lines": 13, "excluded_lines": 0}, "missing_lines": [9, 10, 11, 12, 13, 14, 15, 16, 17, 18, 19, 20, 21], "excluded_lines": []}, "update_message": {"executed_lines": [], "summary": {"covered_lines": 0, "num_statements": 1, "percent_covered": 0.0, "percent_covered_display": "0", "missing_lines": 1, "excluded_lines": 0}, "missing_lines": [26], "excluded_lines": []}, "": {"executed_lines": [], "summary": {"covered_lines": 0, "num_statements": 6, "percent_covered": 0.0, "percent_covered_display": "0", "missing_lines": 6, "excluded_lines": 0}, "missing_lines": [1, 3, 4, 5, 8, 24], "excluded_lines": []}}, "classes": {"": {"executed_lines": [], "summary": {"covered_lines": 0, "num_statements": 20, "percent_covered": 0.0, "percent_covered_display": "0", "missing_lines": 20, "excluded_lines": 0}, "missing_lines": [1, 3, 4, 5, 8, 9, 10, 11, 12, 13, 14, 15, 16, 17, 18, 19, 20, 21, 24, 26], "excluded_lines": []}}}, "src/backend/base/langbuilder/services/database/models/message/model.py": {"executed_lines": [1, 2, 3, 4, 6, 7, 8, 10, 11, 12, 14, 18, 19, 22, 23, 24, 25, 26, 27, 28, 30, 31, 32, 34, 35, 46, 47, 48, 53, 54, 117, 118, 119, 120, 122, 123, 124, 125, 126, 133, 134, 135, 142, 143, 144, 153, 154, 155, 165, 166, 167, 170, 171, 174, 175, 176, 177, 178, 179, 180, 181, 182], "summary": {"covered_lines": 62, "num_statements": 127, "percent_covered": 48.818897637795274, "percent_covered_display": "49", "missing_lines": 65, "excluded_lines": 0}, "missing_lines": [15, 36, 37, 38, 39, 40, 42, 43, 44, 49, 50, 51, 56, 57, 58, 59, 60, 61, 62, 63, 64, 65, 67, 68, 69, 71, 73, 74, 75, 77, 79, 80, 81, 84, 86, 91, 92, 93, 94, 96, 97, 98, 99, 100, 101, 103, 136, 137, 138, 139, 140, 145, 146, 147, 148, 149, 150, 151, 156, 157, 158, 159, 160, 161, 162], "excluded_lines": [], "functions": {"MessageBase.serialize_timestamp": {"executed_lines": [], "summary": {"covered_lines": 0, "num_statements": 8, "percent_covered": 0.0, "percent_covered_display": "0", "missing_lines": 8, "excluded_lines": 0}, "missing_lines": [36, 37, 38, 39, 40, 42, 43, 44], "excluded_lines": []}, "MessageBase.validate_files": {"executed_lines": [], "summary": {"covered_lines": 0, "num_statements": 3, "percent_covered": 0.0, "percent_covered_display": "0", "missing_lines": 3, "excluded_lines": 0}, "missing_lines": [49, 50, 51], "excluded_lines": []}, "MessageBase.from_message": {"executed_lines": [], "summary": {"covered_lines": 0, "num_statements": 34, "percent_covered": 0.0, "percent_covered_display": "0", "missing_lines": 34, "excluded_lines": 0}, "missing_lines": [56, 57, 58, 59, 60, 61, 62, 63, 64, 65, 67, 68, 69, 71, 73, 74, 75, 77, 79, 80, 81, 84, 86, 91, 92, 93, 94, 96, 97, 98, 99, 100, 101, 103], "excluded_lines": []}, "MessageTable.validate_flow_id": {"executed_lines": [], "summary": {"covered_lines": 0, "num_statements": 5, "percent_covered": 0.0, "percent_covered_display": "0", "missing_lines": 5, "excluded_lines": 0}, "missing_lines": [136, 137, 138, 139, 140], "excluded_lines": []}, "MessageTable.validate_properties_or_content_blocks": {"executed_lines": [], "summary": {"covered_lines": 0, "num_statements": 7, "percent_covered": 0.0, "percent_covered_display": "0", "missing_lines": 7, "excluded_lines": 0}, "missing_lines": [145, 146, 147, 148, 149, 150, 151], "excluded_lines": []}, "MessageTable.serialize_properties_or_content_blocks": {"executed_lines": [], "summary": {"covered_lines": 0, "num_statements": 7, "percent_covered": 0.0, "percent_covered_display": "0", "missing_lines": 7, "excluded_lines": 0}, "missing_lines": [156, 157, 158, 159, 160, 161, 162], "excluded_lines": []}, "": {"executed_lines": [1, 2, 3, 4, 6, 7, 8, 10, 11, 12, 14, 18, 19, 22, 23, 24, 25, 26, 27, 28, 30, 31, 32, 34, 35, 46, 47, 48, 53, 54, 117, 118, 119, 120, 122, 123, 124, 125, 126, 133, 134, 135, 142, 143, 144, 153, 154, 155, 165, 166, 167, 170, 171, 174, 175, 176, 177, 178, 179, 180, 181, 182], "summary": {"covered_lines": 62, "num_statements": 63, "percent_covered": 98.41269841269842, "percent_covered_display": "98", "missing_lines": 1, "excluded_lines": 0}, "missing_lines": [15], "excluded_lines": []}}, "classes": {"MessageBase": {"executed_lines": [], "summary": {"covered_lines": 0, "num_statements": 45, "percent_covered": 0.0, "percent_covered_display": "0", "missing_lines": 45, "excluded_lines": 0}, "missing_lines": [36, 37, 38, 39, 40, 42, 43, 44, 49, 50, 51, 56, 57, 58, 59, 60, 61, 62, 63, 64, 65, 67, 68, 69, 71, 73, 74, 75, 77, 79, 80, 81, 84, 86, 91, 92, 93, 94, 96, 97, 98, 99, 100, 101, 103], "excluded_lines": []}, "MessageTable": {"executed_lines": [], "summary": {"covered_lines": 0, "num_statements": 19, "percent_covered": 0.0, "percent_covered_display": "0", "missing_lines": 19, "excluded_lines": 0}, "missing_lines": [136, 137, 138, 139, 140, 145, 146, 147, 148, 149, 150, 151, 156, 157, 158, 159, 160, 161, 162], "excluded_lines": []}, "MessageRead": {"executed_lines": [], "summary": {"covered_lines": 0, "num_statements": 0, "percent_covered": 100.0, "percent_covered_display": "100", "missing_lines": 0, "excluded_lines": 0}, "missing_lines": [], "excluded_lines": []}, "MessageCreate": {"executed_lines": [], "summary": {"covered_lines": 0, "num_statements": 0, "percent_covered": 100.0, "percent_covered_display": "100", "missing_lines": 0, "excluded_lines": 0}, "missing_lines": [], "excluded_lines": []}, "MessageUpdate": {"executed_lines": [], "summary": {"covered_lines": 0, "num_statements": 0, "percent_covered": 100.0, "percent_covered_display": "100", "missing_lines": 0, "excluded_lines": 0}, "missing_lines": [], "excluded_lines": []}, "": {"executed_lines": [1, 2, 3, 4, 6, 7, 8, 10, 11, 12, 14, 18, 19, 22, 23, 24, 25, 26, 27, 28, 30, 31, 32, 34, 35, 46, 47, 48, 53, 54, 117, 118, 119, 120, 122, 123, 124, 125, 126, 133, 134, 135, 142, 143, 144, 153, 154, 155, 165, 166, 167, 170, 171, 174, 175, 176, 177, 178, 179, 180, 181, 182], "summary": {"covered_lines": 62, "num_statements": 63, "percent_covered": 98.41269841269842, "percent_covered_display": "98", "missing_lines": 1, "excluded_lines": 0}, "missing_lines": [15], "excluded_lines": []}}}, "src/backend/base/langbuilder/services/database/models/permission/crud.py": {"executed_lines": [1, 3, 4, 5, 6, 8, 11, 13, 14, 15, 16, 17, 18, 19, 20, 24, 27, 29, 31, 32, 33, 36, 38, 39, 40, 43, 45, 46, 47, 50, 52, 53, 54, 57, 59, 60, 61, 63, 64, 65, 67, 68, 69, 74, 77, 79, 80, 81, 83, 84, 85], "summary": {"covered_lines": 51, "num_statements": 55, "percent_covered": 92.72727272727273, "percent_covered_display": "93", "missing_lines": 4, "excluded_lines": 0}, "missing_lines": [30, 70, 71, 72], "excluded_lines": [], "functions": {"create_permission": {"executed_lines": [13, 14, 15, 16, 17, 18, 19, 20, 24], "summary": {"covered_lines": 9, "num_statements": 9, "percent_covered": 100.0, "percent_covered_display": "100", "missing_lines": 0, "excluded_lines": 0}, "missing_lines": [], "excluded_lines": []}, "get_permission_by_id": {"executed_lines": [29, 31, 32, 33], "summary": {"covered_lines": 4, "num_statements": 5, "percent_covered": 80.0, "percent_covered_display": "80", "missing_lines": 1, "excluded_lines": 0}, "missing_lines": [30], "excluded_lines": []}, "get_permission_by_name_and_scope": {"executed_lines": [38, 39, 40], "summary": {"covered_lines": 3, "num_statements": 3, "percent_covered": 100.0, "percent_covered_display": "100", "missing_lines": 0, "excluded_lines": 0}, "missing_lines": [], "excluded_lines": []}, "list_permissions": {"executed_lines": [45, 46, 47], "summary": {"covered_lines": 3, "num_statements": 3, "percent_covered": 100.0, "percent_covered_display": "100", "missing_lines": 0, "excluded_lines": 0}, "missing_lines": [], "excluded_lines": []}, "list_permissions_by_scope": {"executed_lines": [52, 53, 54], "summary": {"covered_lines": 3, "num_statements": 3, "percent_covered": 100.0, "percent_covered_display": "100", "missing_lines": 0, "excluded_lines": 0}, "missing_lines": [], "excluded_lines": []}, "update_permission": {"executed_lines": [59, 60, 61, 63, 64, 65, 67, 68, 69, 74], "summary": {"covered_lines": 10, "num_statements": 13, "percent_covered": 76.92307692307692, "percent_covered_display": "77", "missing_lines": 3, "excluded_lines": 0}, "missing_lines": [70, 71, 72], "excluded_lines": []}, "delete_permission": {"executed_lines": [79, 80, 81, 83, 84, 85], "summary": {"covered_lines": 6, "num_statements": 6, "percent_covered": 100.0, "percent_covered_display": "100", "missing_lines": 0, "excluded_lines": 0}, "missing_lines": [], "excluded_lines": []}, "": {"executed_lines": [1, 3, 4, 5, 6, 8, 11, 27, 36, 43, 50, 57, 77], "summary": {"covered_lines": 13, "num_statements": 13, "percent_covered": 100.0, "percent_covered_display": "100", "missing_lines": 0, "excluded_lines": 0}, "missing_lines": [], "excluded_lines": []}}, "classes": {"": {"executed_lines": [1, 3, 4, 5, 6, 8, 11, 13, 14, 15, 16, 17, 18, 19, 20, 24, 27, 29, 31, 32, 33, 36, 38, 39, 40, 43, 45, 46, 47, 50, 52, 53, 54, 57, 59, 60, 61, 63, 64, 65, 67, 68, 69, 74, 77, 79, 80, 81, 83, 84, 85], "summary": {"covered_lines": 51, "num_statements": 55, "percent_covered": 92.72727272727273, "percent_covered_display": "93", "missing_lines": 4, "excluded_lines": 0}, "missing_lines": [30, 70, 71, 72], "excluded_lines": []}}}, "src/backend/base/langbuilder/services/database/models/permission/model.py": {"executed_lines": [1, 2, 3, 5, 6, 8, 12, 13, 14, 15, 18, 19, 20, 23, 25, 28, 29, 32, 33, 34, 37, 38, 39, 40], "summary": {"covered_lines": 24, "num_statements": 25, "percent_covered": 96.0, "percent_covered_display": "96", "missing_lines": 1, "excluded_lines": 0}, "missing_lines": [9], "excluded_lines": [], "functions": {"": {"executed_lines": [1, 2, 3, 5, 6, 8, 12, 13, 14, 15, 18, 19, 20, 23, 25, 28, 29, 32, 33, 34, 37, 38, 39, 40], "summary": {"covered_lines": 24, "num_statements": 25, "percent_covered": 96.0, "percent_covered_display": "96", "missing_lines": 1, "excluded_lines": 0}, "missing_lines": [9], "excluded_lines": []}}, "classes": {"PermissionBase": {"executed_lines": [], "summary": {"covered_lines": 0, "num_statements": 0, "percent_covered": 100.0, "percent_covered_display": "100", "missing_lines": 0, "excluded_lines": 0}, "missing_lines": [], "excluded_lines": []}, "Permission": {"executed_lines": [], "summary": {"covered_lines": 0, "num_statements": 0, "percent_covered": 100.0, "percent_covered_display": "100", "missing_lines": 0, "excluded_lines": 0}, "missing_lines": [], "excluded_lines": []}, "PermissionCreate": {"executed_lines": [], "summary": {"covered_lines": 0, "num_statements": 0, "percent_covered": 100.0, "percent_covered_display": "100", "missing_lines": 0, "excluded_lines": 0}, "missing_lines": [], "excluded_lines": []}, "PermissionRead": {"executed_lines": [], "summary": {"covered_lines": 0, "num_statements": 0, "percent_covered": 100.0, "percent_covered_display": "100", "missing_lines": 0, "excluded_lines": 0}, "missing_lines": [], "excluded_lines": []}, "PermissionUpdate": {"executed_lines": [], "summary": {"covered_lines": 0, "num_statements": 0, "percent_covered": 100.0, "percent_covered_display": "100", "missing_lines": 0, "excluded_lines": 0}, "missing_lines": [], "excluded_lines": []}, "": {"executed_lines": [1, 2, 3, 5, 6, 8, 12, 13, 14, 15, 18, 19, 20, 23, 25, 28, 29, 32, 33, 34, 37, 38, 39, 40], "summary": {"covered_lines": 24, "num_statements": 25, "percent_covered": 96.0, "percent_covered_display": "96", "missing_lines": 1, "excluded_lines": 0}, "missing_lines": [9], "excluded_lines": []}}}, "src/backend/base/langbuilder/services/database/models/role/crud.py": {"executed_lines": [1, 3, 4, 5, 6, 8, 11, 13, 14, 15, 16, 17, 18, 19, 20, 22, 25, 27, 29, 30, 31, 34, 36, 37, 38, 41, 43, 44, 45, 48, 50, 51, 52, 54, 55, 57, 58, 59, 61, 62, 63, 68, 71, 73, 74, 75, 77, 78, 80, 81, 82], "summary": {"covered_lines": 51, "num_statements": 55, "percent_covered": 92.72727272727273, "percent_covered_display": "93", "missing_lines": 4, "excluded_lines": 0}, "missing_lines": [28, 64, 65, 66], "excluded_lines": [], "functions": {"create_role": {"executed_lines": [13, 14, 15, 16, 17, 18, 19, 20, 22], "summary": {"covered_lines": 9, "num_statements": 9, "percent_covered": 100.0, "percent_covered_display": "100", "missing_lines": 0, "excluded_lines": 0}, "missing_lines": [], "excluded_lines": []}, "get_role_by_id": {"executed_lines": [27, 29, 30, 31], "summary": {"covered_lines": 4, "num_statements": 5, "percent_covered": 80.0, "percent_covered_display": "80", "missing_lines": 1, "excluded_lines": 0}, "missing_lines": [28], "excluded_lines": []}, "get_role_by_name": {"executed_lines": [36, 37, 38], "summary": {"covered_lines": 3, "num_statements": 3, "percent_covered": 100.0, "percent_covered_display": "100", "missing_lines": 0, "excluded_lines": 0}, "missing_lines": [], "excluded_lines": []}, "list_roles": {"executed_lines": [43, 44, 45], "summary": {"covered_lines": 3, "num_statements": 3, "percent_covered": 100.0, "percent_covered_display": "100", "missing_lines": 0, "excluded_lines": 0}, "missing_lines": [], "excluded_lines": []}, "update_role": {"executed_lines": [50, 51, 52, 54, 55, 57, 58, 59, 61, 62, 63, 68], "summary": {"covered_lines": 12, "num_statements": 15, "percent_covered": 80.0, "percent_covered_display": "80", "missing_lines": 3, "excluded_lines": 0}, "missing_lines": [64, 65, 66], "excluded_lines": []}, "delete_role": {"executed_lines": [73, 74, 75, 77, 78, 80, 81, 82], "summary": {"covered_lines": 8, "num_statements": 8, "percent_covered": 100.0, "percent_covered_display": "100", "missing_lines": 0, "excluded_lines": 0}, "missing_lines": [], "excluded_lines": []}, "": {"executed_lines": [1, 3, 4, 5, 6, 8, 11, 25, 34, 41, 48, 71], "summary": {"covered_lines": 12, "num_statements": 12, "percent_covered": 100.0, "percent_covered_display": "100", "missing_lines": 0, "excluded_lines": 0}, "missing_lines": [], "excluded_lines": []}}, "classes": {"": {"executed_lines": [1, 3, 4, 5, 6, 8, 11, 13, 14, 15, 16, 17, 18, 19, 20, 22, 25, 27, 29, 30, 31, 34, 36, 37, 38, 41, 43, 44, 45, 48, 50, 51, 52, 54, 55, 57, 58, 59, 61, 62, 63, 68, 71, 73, 74, 75, 77, 78, 80, 81, 82], "summary": {"covered_lines": 51, "num_statements": 55, "percent_covered": 92.72727272727273, "percent_covered_display": "93", "missing_lines": 4, "excluded_lines": 0}, "missing_lines": [28, 64, 65, 66], "excluded_lines": []}}}, "src/backend/base/langbuilder/services/database/models/role/model.py": {"executed_lines": [1, 2, 3, 5, 7, 12, 13, 14, 15, 18, 19, 20, 23, 27, 30, 31, 34, 35, 36, 39, 40, 41, 42], "summary": {"covered_lines": 23, "num_statements": 25, "percent_covered": 92.0, "percent_covered_display": "92", "missing_lines": 2, "excluded_lines": 0}, "missing_lines": [8, 9], "excluded_lines": [], "functions": {"": {"executed_lines": [1, 2, 3, 5, 7, 12, 13, 14, 15, 18, 19, 20, 23, 27, 30, 31, 34, 35, 36, 39, 40, 41, 42], "summary": {"covered_lines": 23, "num_statements": 25, "percent_covered": 92.0, "percent_covered_display": "92", "missing_lines": 2, "excluded_lines": 0}, "missing_lines": [8, 9], "excluded_lines": []}}, "classes": {"RoleBase": {"executed_lines": [], "summary": {"covered_lines": 0, "num_statements": 0, "percent_covered": 100.0, "percent_covered_display": "100", "missing_lines": 0, "excluded_lines": 0}, "missing_lines": [], "excluded_lines": []}, "Role": {"executed_lines": [], "summary": {"covered_lines": 0, "num_statements": 0, "percent_covered": 100.0, "percent_covered_display": "100", "missing_lines": 0, "excluded_lines": 0}, "missing_lines": [], "excluded_lines": []}, "RoleCreate": {"executed_lines": [], "summary": {"covered_lines": 0, "num_statements": 0, "percent_covered": 100.0, "percent_covered_display": "100", "missing_lines": 0, "excluded_lines": 0}, "missing_lines": [], "excluded_lines": []}, "RoleRead": {"executed_lines": [], "summary": {"covered_lines": 0, "num_statements": 0, "percent_covered": 100.0, "percent_covered_display": "100", "missing_lines": 0, "excluded_lines": 0}, "missing_lines": [], "excluded_lines": []}, "RoleUpdate": {"executed_lines": [], "summary": {"covered_lines": 0, "num_statements": 0, "percent_covered": 100.0, "percent_covered_display": "100", "missing_lines": 0, "excluded_lines": 0}, "missing_lines": [], "excluded_lines": []}, "": {"executed_lines": [1, 2, 3, 5, 7, 12, 13, 14, 15, 18, 19, 20, 23, 27, 30, 31, 34, 35, 36, 39, 40, 41, 42], "summary": {"covered_lines": 23, "num_statements": 25, "percent_covered": 92.0, "percent_covered_display": "92", "missing_lines": 2, "excluded_lines": 0}, "missing_lines": [8, 9], "excluded_lines": []}}}, "src/backend/base/langbuilder/services/database/models/role/seed_data.py": {"executed_lines": [1, 8, 9, 11, 15, 16, 17, 18, 21, 33, 41, 74], "summary": {"covered_lines": 11, "num_statements": 44, "percent_covered": 25.0, "percent_covered_display": "25", "missing_lines": 33, "excluded_lines": 0}, "missing_lines": [91, 92, 93, 96, 97, 98, 99, 100, 101, 104, 105, 106, 107, 108, 110, 111, 112, 113, 116, 117, 118, 119, 120, 121, 124, 127, 128, 130, 131, 132, 133, 135, 137], "excluded_lines": [], "functions": {"seed_rbac_data": {"executed_lines": [], "summary": {"covered_lines": 0, "num_statements": 33, "percent_covered": 0.0, "percent_covered_display": "0", "missing_lines": 33, "excluded_lines": 0}, "missing_lines": [91, 92, 93, 96, 97, 98, 99, 100, 101, 104, 105, 106, 107, 108, 110, 111, 112, 113, 116, 117, 118, 119, 120, 121, 124, 127, 128, 130, 131, 132, 133, 135, 137], "excluded_lines": []}, "": {"executed_lines": [1, 8, 9, 11, 15, 16, 17, 18, 21, 33, 41, 74], "summary": {"covered_lines": 11, "num_statements": 11, "percent_covered": 100.0, "percent_covered_display": "100", "missing_lines": 0, "excluded_lines": 0}, "missing_lines": [], "excluded_lines": []}}, "classes": {"": {"executed_lines": [1, 8, 9, 11, 15, 16, 17, 18, 21, 33, 41, 74], "summary": {"covered_lines": 11, "num_statements": 44, "percent_covered": 25.0, "percent_covered_display": "25", "missing_lines": 33, "excluded_lines": 0}, "missing_lines": [91, 92, 93, 96, 97, 98, 99, 100, 101, 104, 105, 106, 107, 108, 110, 111, 112, 113, 116, 117, 118, 119, 120, 121, 124, 127, 128, 130, 131, 132, 133, 135, 137], "excluded_lines": []}}}, "src/backend/base/langbuilder/services/database/models/role_permission/crud.py": {"executed_lines": [1, 3, 4, 5, 6, 8, 15, 17, 18, 19, 20, 21, 22, 23, 24, 26, 29, 31, 33, 34, 35, 38, 40, 43, 44, 47, 49, 50, 51, 54, 56, 57, 58, 61, 63, 64, 65, 68, 72, 73, 74, 76, 77, 78, 80, 81, 82, 87, 90, 92, 93, 94, 96, 97, 98, 101, 103, 104, 105, 107, 108, 109], "summary": {"covered_lines": 62, "num_statements": 66, "percent_covered": 93.93939393939394, "percent_covered_display": "94", "missing_lines": 4, "excluded_lines": 0}, "missing_lines": [32, 83, 84, 85], "excluded_lines": [], "functions": {"create_role_permission": {"executed_lines": [17, 18, 19, 20, 21, 22, 23, 24, 26], "summary": {"covered_lines": 9, "num_statements": 9, "percent_covered": 100.0, "percent_covered_display": "100", "missing_lines": 0, "excluded_lines": 0}, "missing_lines": [], "excluded_lines": []}, "get_role_permission_by_id": {"executed_lines": [31, 33, 34, 35], "summary": {"covered_lines": 4, "num_statements": 5, "percent_covered": 80.0, "percent_covered_display": "80", "missing_lines": 1, "excluded_lines": 0}, "missing_lines": [32], "excluded_lines": []}, "get_role_permission": {"executed_lines": [40, 43, 44], "summary": {"covered_lines": 3, "num_statements": 3, "percent_covered": 100.0, "percent_covered_display": "100", "missing_lines": 0, "excluded_lines": 0}, "missing_lines": [], "excluded_lines": []}, "list_role_permissions": {"executed_lines": [49, 50, 51], "summary": {"covered_lines": 3, "num_statements": 3, "percent_covered": 100.0, "percent_covered_display": "100", "missing_lines": 0, "excluded_lines": 0}, "missing_lines": [], "excluded_lines": []}, "list_permissions_by_role": {"executed_lines": [56, 57, 58], "summary": {"covered_lines": 3, "num_statements": 3, "percent_covered": 100.0, "percent_covered_display": "100", "missing_lines": 0, "excluded_lines": 0}, "missing_lines": [], "excluded_lines": []}, "list_roles_by_permission": {"executed_lines": [63, 64, 65], "summary": {"covered_lines": 3, "num_statements": 3, "percent_covered": 100.0, "percent_covered_display": "100", "missing_lines": 0, "excluded_lines": 0}, "missing_lines": [], "excluded_lines": []}, "update_role_permission": {"executed_lines": [72, 73, 74, 76, 77, 78, 80, 81, 82, 87], "summary": {"covered_lines": 10, "num_statements": 13, "percent_covered": 76.92307692307692, "percent_covered_display": "77", "missing_lines": 3, "excluded_lines": 0}, "missing_lines": [83, 84, 85], "excluded_lines": []}, "delete_role_permission": {"executed_lines": [92, 93, 94, 96, 97, 98], "summary": {"covered_lines": 6, "num_statements": 6, "percent_covered": 100.0, "percent_covered_display": "100", "missing_lines": 0, "excluded_lines": 0}, "missing_lines": [], "excluded_lines": []}, "delete_role_permission_by_ids": {"executed_lines": [103, 104, 105, 107, 108, 109], "summary": {"covered_lines": 6, "num_statements": 6, "percent_covered": 100.0, "percent_covered_display": "100", "missing_lines": 0, "excluded_lines": 0}, "missing_lines": [], "excluded_lines": []}, "": {"executed_lines": [1, 3, 4, 5, 6, 8, 15, 29, 38, 47, 54, 61, 68, 90, 101], "summary": {"covered_lines": 15, "num_statements": 15, "percent_covered": 100.0, "percent_covered_display": "100", "missing_lines": 0, "excluded_lines": 0}, "missing_lines": [], "excluded_lines": []}}, "classes": {"": {"executed_lines": [1, 3, 4, 5, 6, 8, 15, 17, 18, 19, 20, 21, 22, 23, 24, 26, 29, 31, 33, 34, 35, 38, 40, 43, 44, 47, 49, 50, 51, 54, 56, 57, 58, 61, 63, 64, 65, 68, 72, 73, 74, 76, 77, 78, 80, 81, 82, 87, 90, 92, 93, 94, 96, 97, 98, 101, 103, 104, 105, 107, 108, 109], "summary": {"covered_lines": 62, "num_statements": 66, "percent_covered": 93.93939393939394, "percent_covered_display": "94", "missing_lines": 4, "excluded_lines": 0}, "missing_lines": [32, 83, 84, 85], "excluded_lines": []}}}, "src/backend/base/langbuilder/services/database/models/role_permission/model.py": {"executed_lines": [1, 2, 3, 5, 6, 8, 13, 14, 15, 18, 19, 20, 23, 24, 26, 29, 30, 33, 34, 35, 38, 39, 40], "summary": {"covered_lines": 23, "num_statements": 25, "percent_covered": 92.0, "percent_covered_display": "92", "missing_lines": 2, "excluded_lines": 0}, "missing_lines": [9, 10], "excluded_lines": [], "functions": {"": {"executed_lines": [1, 2, 3, 5, 6, 8, 13, 14, 15, 18, 19, 20, 23, 24, 26, 29, 30, 33, 34, 35, 38, 39, 40], "summary": {"covered_lines": 23, "num_statements": 25, "percent_covered": 92.0, "percent_covered_display": "92", "missing_lines": 2, "excluded_lines": 0}, "missing_lines": [9, 10], "excluded_lines": []}}, "classes": {"RolePermissionBase": {"executed_lines": [], "summary": {"covered_lines": 0, "num_statements": 0, "percent_covered": 100.0, "percent_covered_display": "100", "missing_lines": 0, "excluded_lines": 0}, "missing_lines": [], "excluded_lines": []}, "RolePermission": {"executed_lines": [], "summary": {"covered_lines": 0, "num_statements": 0, "percent_covered": 100.0, "percent_covered_display": "100", "missing_lines": 0, "excluded_lines": 0}, "missing_lines": [], "excluded_lines": []}, "RolePermissionCreate": {"executed_lines": [], "summary": {"covered_lines": 0, "num_statements": 0, "percent_covered": 100.0, "percent_covered_display": "100", "missing_lines": 0, "excluded_lines": 0}, "missing_lines": [], "excluded_lines": []}, "RolePermissionRead": {"executed_lines": [], "summary": {"covered_lines": 0, "num_statements": 0, "percent_covered": 100.0, "percent_covered_display": "100", "missing_lines": 0, "excluded_lines": 0}, "missing_lines": [], "excluded_lines": []}, "RolePermissionUpdate": {"executed_lines": [], "summary": {"covered_lines": 0, "num_statements": 0, "percent_covered": 100.0, "percent_covered_display": "100", "missing_lines": 0, "excluded_lines": 0}, "missing_lines": [], "excluded_lines": []}, "": {"executed_lines": [1, 2, 3, 5, 6, 8, 13, 14, 15, 18, 19, 20, 23, 24, 26, 29, 30, 33, 34, 35, 38, 39, 40], "summary": {"covered_lines": 23, "num_statements": 25, "percent_covered": 92.0, "percent_covered_display": "92", "missing_lines": 2, "excluded_lines": 0}, "missing_lines": [9, 10], "excluded_lines": []}}}, "src/backend/base/langbuilder/services/database/models/transactions/crud.py": {"executed_lines": [1, 3, 4, 5, 7, 12, 15, 29, 77], "summary": {"covered_lines": 9, "num_statements": 29, "percent_covered": 31.03448275862069, "percent_covered_display": "31", "missing_lines": 20, "excluded_lines": 0}, "missing_lines": [18, 25, 26, 46, 47, 48, 49, 51, 53, 56, 67, 68, 69, 71, 72, 73, 74, 80, 81, 82], "excluded_lines": [], "functions": {"get_transactions_by_flow_id": {"executed_lines": [], "summary": {"covered_lines": 0, "num_statements": 3, "percent_covered": 0.0, "percent_covered_display": "0", "missing_lines": 3, "excluded_lines": 0}, "missing_lines": [18, 25, 26], "excluded_lines": []}, "log_transaction": {"executed_lines": [], "summary": {"covered_lines": 0, "num_statements": 14, "percent_covered": 0.0, "percent_covered_display": "0", "missing_lines": 14, "excluded_lines": 0}, "missing_lines": [46, 47, 48, 49, 51, 53, 56, 67, 68, 69, 71, 72, 73, 74], "excluded_lines": []}, "transform_transaction_table": {"executed_lines": [], "summary": {"covered_lines": 0, "num_statements": 3, "percent_covered": 0.0, "percent_covered_display": "0", "missing_lines": 3, "excluded_lines": 0}, "missing_lines": [80, 81, 82], "excluded_lines": []}, "": {"executed_lines": [1, 3, 4, 5, 7, 12, 15, 29, 77], "summary": {"covered_lines": 9, "num_statements": 9, "percent_covered": 100.0, "percent_covered_display": "100", "missing_lines": 0, "excluded_lines": 0}, "missing_lines": [], "excluded_lines": []}}, "classes": {"": {"executed_lines": [1, 3, 4, 5, 7, 12, 15, 29, 77], "summary": {"covered_lines": 9, "num_statements": 29, "percent_covered": 31.03448275862069, "percent_covered_display": "31", "missing_lines": 20, "excluded_lines": 0}, "missing_lines": [18, 25, 26, 46, 47, 48, 49, 51, 53, 56, 67, 68, 69, 71, 72, 73, 74, 80, 81, 82], "excluded_lines": []}}}, "src/backend/base/langbuilder/services/database/models/transactions/model.py": {"executed_lines": [1, 2, 4, 5, 7, 10, 11, 12, 13, 14, 15, 16, 17, 18, 21, 22, 24, 25, 26, 33, 34, 45, 46, 58, 59, 60, 63, 64, 65], "summary": {"covered_lines": 29, "num_statements": 36, "percent_covered": 80.55555555555556, "percent_covered_display": "81", "missing_lines": 7, "excluded_lines": 0}, "missing_lines": [27, 28, 29, 30, 31, 43, 55], "excluded_lines": [], "functions": {"TransactionBase.validate_flow_id": {"executed_lines": [], "summary": {"covered_lines": 0, "num_statements": 5, "percent_covered": 0.0, "percent_covered_display": "0", "missing_lines": 5, "excluded_lines": 0}, "missing_lines": [27, 28, 29, 30, 31], "excluded_lines": []}, "TransactionBase.serialize_inputs": {"executed_lines": [], "summary": {"covered_lines": 0, "num_statements": 1, "percent_covered": 0.0, "percent_covered_display": "0", "missing_lines": 1, "excluded_lines": 0}, "missing_lines": [43], "excluded_lines": []}, "TransactionBase.serialize_outputs": {"executed_lines": [], "summary": {"covered_lines": 0, "num_statements": 1, "percent_covered": 0.0, "percent_covered_display": "0", "missing_lines": 1, "excluded_lines": 0}, "missing_lines": [55], "excluded_lines": []}, "": {"executed_lines": [1, 2, 4, 5, 7, 10, 11, 12, 13, 14, 15, 16, 17, 18, 21, 22, 24, 25, 26, 33, 34, 45, 46, 58, 59, 60, 63, 64, 65], "summary": {"covered_lines": 29, "num_statements": 29, "percent_covered": 100.0, "percent_covered_display": "100", "missing_lines": 0, "excluded_lines": 0}, "missing_lines": [], "excluded_lines": []}}, "classes": {"TransactionBase": {"executed_lines": [], "summary": {"covered_lines": 0, "num_statements": 7, "percent_covered": 0.0, "percent_covered_display": "0", "missing_lines": 7, "excluded_lines": 0}, "missing_lines": [27, 28, 29, 30, 31, 43, 55], "excluded_lines": []}, "TransactionBase.Config": {"executed_lines": [], "summary": {"covered_lines": 0, "num_statements": 0, "percent_covered": 100.0, "percent_covered_display": "100", "missing_lines": 0, "excluded_lines": 0}, "missing_lines": [], "excluded_lines": []}, "TransactionTable": {"executed_lines": [], "summary": {"covered_lines": 0, "num_statements": 0, "percent_covered": 100.0, "percent_covered_display": "100", "missing_lines": 0, "excluded_lines": 0}, "missing_lines": [], "excluded_lines": []}, "TransactionReadResponse": {"executed_lines": [], "summary": {"covered_lines": 0, "num_statements": 0, "percent_covered": 100.0, "percent_covered_display": "100", "missing_lines": 0, "excluded_lines": 0}, "missing_lines": [], "excluded_lines": []}, "": {"executed_lines": [1, 2, 4, 5, 7, 10, 11, 12, 13, 14, 15, 16, 17, 18, 21, 22, 24, 25, 26, 33, 34, 45, 46, 58, 59, 60, 63, 64, 65], "summary": {"covered_lines": 29, "num_statements": 29, "percent_covered": 100.0, "percent_covered_display": "100", "missing_lines": 0, "excluded_lines": 0}, "missing_lines": [], "excluded_lines": []}}}, "src/backend/base/langbuilder/services/database/models/user/crud.py": {"executed_lines": [1, 2, 4, 5, 6, 7, 8, 9, 11, 14, 19, 26, 56], "summary": {"covered_lines": 13, "num_statements": 43, "percent_covered": 30.232558139534884, "percent_covered_display": "30", "missing_lines": 30, "excluded_lines": 0}, "missing_lines": [15, 16, 20, 21, 22, 23, 27, 28, 34, 35, 36, 37, 38, 39, 41, 42, 44, 45, 47, 48, 49, 50, 51, 53, 57, 58, 59, 60, 61, 62], "excluded_lines": [], "functions": {"get_user_by_username": {"executed_lines": [], "summary": {"covered_lines": 0, "num_statements": 2, "percent_covered": 0.0, "percent_covered_display": "0", "missing_lines": 2, "excluded_lines": 0}, "missing_lines": [15, 16], "excluded_lines": []}, "get_user_by_id": {"executed_lines": [], "summary": {"covered_lines": 0, "num_statements": 4, "percent_covered": 0.0, "percent_covered_display": "0", "missing_lines": 4, "excluded_lines": 0}, "missing_lines": [20, 21, 22, 23], "excluded_lines": []}, "update_user": {"executed_lines": [], "summary": {"covered_lines": 0, "num_statements": 18, "percent_covered": 0.0, "percent_covered_display": "0", "missing_lines": 18, "excluded_lines": 0}, "missing_lines": [27, 28, 34, 35, 36, 37, 38, 39, 41, 42, 44, 45, 47, 48, 49, 50, 51, 53], "excluded_lines": []}, "update_user_last_login_at": {"executed_lines": [], "summary": {"covered_lines": 0, "num_statements": 6, "percent_covered": 0.0, "percent_covered_display": "0", "missing_lines": 6, "excluded_lines": 0}, "missing_lines": [57, 58, 59, 60, 61, 62], "excluded_lines": []}, "": {"executed_lines": [1, 2, 4, 5, 6, 7, 8, 9, 11, 14, 19, 26, 56], "summary": {"covered_lines": 13, "num_statements": 13, "percent_covered": 100.0, "percent_covered_display": "100", "missing_lines": 0, "excluded_lines": 0}, "missing_lines": [], "excluded_lines": []}}, "classes": {"": {"executed_lines": [1, 2, 4, 5, 6, 7, 8, 9, 11, 14, 19, 26, 56], "summary": {"covered_lines": 13, "num_statements": 43, "percent_covered": 30.232558139534884, "percent_covered_display": "30", "missing_lines": 30, "excluded_lines": 0}, "missing_lines": [15, 16, 20, 21, 22, 23, 27, 28, 34, 35, 36, 37, 38, 39, 41, 42, 44, 45, 47, 48, 49, 50, 51, 53, 57, 58, 59, 60, 61, 62], "excluded_lines": []}}}, "src/backend/base/langbuilder/services/database/models/user/model.py": {"executed_lines": [1, 2, 3, 5, 6, 7, 9, 11, 18, 19, 20, 21, 25, 26, 27, 28, 29, 30, 31, 32, 33, 34, 35, 39, 40, 41, 45, 49, 54, 55, 56, 57, 62, 63, 64, 65, 66, 67, 68, 69, 70, 71, 72, 75, 76, 77, 78, 79, 80, 81, 82], "summary": {"covered_lines": 51, "num_statements": 55, "percent_covered": 92.72727272727273, "percent_covered_display": "93", "missing_lines": 4, "excluded_lines": 0}, "missing_lines": [12, 13, 14, 15], "excluded_lines": [], "functions": {"": {"executed_lines": [1, 2, 3, 5, 6, 7, 9, 11, 18, 19, 20, 21, 25, 26, 27, 28, 29, 30, 31, 32, 33, 34, 35, 39, 40, 41, 45, 49, 54, 55, 56, 57, 62, 63, 64, 65, 66, 67, 68, 69, 70, 71, 72, 75, 76, 77, 78, 79, 80, 81, 82], "summary": {"covered_lines": 51, "num_statements": 55, "percent_covered": 92.72727272727273, "percent_covered_display": "93", "missing_lines": 4, "excluded_lines": 0}, "missing_lines": [12, 13, 14, 15], "excluded_lines": []}}, "classes": {"UserOptin": {"executed_lines": [], "summary": {"covered_lines": 0, "num_statements": 0, "percent_covered": 100.0, "percent_covered_display": "100", "missing_lines": 0, "excluded_lines": 0}, "missing_lines": [], "excluded_lines": []}, "User": {"executed_lines": [], "summary": {"covered_lines": 0, "num_statements": 0, "percent_covered": 100.0, "percent_covered_display": "100", "missing_lines": 0, "excluded_lines": 0}, "missing_lines": [], "excluded_lines": []}, "UserCreate": {"executed_lines": [], "summary": {"covered_lines": 0, "num_statements": 0, "percent_covered": 100.0, "percent_covered_display": "100", "missing_lines": 0, "excluded_lines": 0}, "missing_lines": [], "excluded_lines": []}, "UserRead": {"executed_lines": [], "summary": {"covered_lines": 0, "num_statements": 0, "percent_covered": 100.0, "percent_covered_display": "100", "missing_lines": 0, "excluded_lines": 0}, "missing_lines": [], "excluded_lines": []}, "UserUpdate": {"executed_lines": [], "summary": {"covered_lines": 0, "num_statements": 0, "percent_covered": 100.0, "percent_covered_display": "100", "missing_lines": 0, "excluded_lines": 0}, "missing_lines": [], "excluded_lines": []}, "": {"executed_lines": [1, 2, 3, 5, 6, 7, 9, 11, 18, 19, 20, 21, 25, 26, 27, 28, 29, 30, 31, 32, 33, 34, 35, 39, 40, 41, 45, 49, 54, 55, 56, 57, 62, 63, 64, 65, 66, 67, 68, 69, 70, 71, 72, 75, 76, 77, 78, 79, 80, 81, 82], "summary": {"covered_lines": 51, "num_statements": 55, "percent_covered": 92.72727272727273, "percent_covered_display": "93", "missing_lines": 4, "excluded_lines": 0}, "missing_lines": [12, 13, 14, 15], "excluded_lines": []}}}, "src/backend/base/langbuilder/services/database/models/user_role_assignment/crud.py": {"executed_lines": [1, 3, 4, 5, 6, 8, 15, 19, 20, 21, 22, 23, 24, 25, 26, 28, 31, 33, 35, 36, 37, 40, 44, 50, 51, 54, 56, 57, 58, 61, 63, 64, 65, 68, 70, 71, 72, 75, 79, 82, 83, 86, 90, 91, 92, 94, 95, 97, 98, 99, 101, 102, 103, 108, 111, 113, 114, 115, 117, 118, 120, 121, 122], "summary": {"covered_lines": 63, "num_statements": 67, "percent_covered": 94.02985074626865, "percent_covered_display": "94", "missing_lines": 4, "excluded_lines": 0}, "missing_lines": [34, 104, 105, 106], "excluded_lines": [], "functions": {"create_user_role_assignment": {"executed_lines": [19, 20, 21, 22, 23, 24, 25, 26, 28], "summary": {"covered_lines": 9, "num_statements": 9, "percent_covered": 100.0, "percent_covered_display": "100", "missing_lines": 0, "excluded_lines": 0}, "missing_lines": [], "excluded_lines": []}, "get_user_role_assignment_by_id": {"executed_lines": [33, 35, 36, 37], "summary": {"covered_lines": 4, "num_statements": 5, "percent_covered": 80.0, "percent_covered_display": "80", "missing_lines": 1, "excluded_lines": 0}, "missing_lines": [34], "excluded_lines": []}, "get_user_role_assignment": {"executed_lines": [44, 50, 51], "summary": {"covered_lines": 3, "num_statements": 3, "percent_covered": 100.0, "percent_covered_display": "100", "missing_lines": 0, "excluded_lines": 0}, "missing_lines": [], "excluded_lines": []}, "list_user_role_assignments": {"executed_lines": [56, 57, 58], "summary": {"covered_lines": 3, "num_statements": 3, "percent_covered": 100.0, "percent_covered_display": "100", "missing_lines": 0, "excluded_lines": 0}, "missing_lines": [], "excluded_lines": []}, "list_assignments_by_user": {"executed_lines": [63, 64, 65], "summary": {"covered_lines": 3, "num_statements": 3, "percent_covered": 100.0, "percent_covered_display": "100", "missing_lines": 0, "excluded_lines": 0}, "missing_lines": [], "excluded_lines": []}, "list_assignments_by_role": {"executed_lines": [70, 71, 72], "summary": {"covered_lines": 3, "num_statements": 3, "percent_covered": 100.0, "percent_covered_display": "100", "missing_lines": 0, "excluded_lines": 0}, "missing_lines": [], "excluded_lines": []}, "list_assignments_by_scope": {"executed_lines": [79, 82, 83], "summary": {"covered_lines": 3, "num_statements": 3, "percent_covered": 100.0, "percent_covered_display": "100", "missing_lines": 0, "excluded_lines": 0}, "missing_lines": [], "excluded_lines": []}, "update_user_role_assignment": {"executed_lines": [90, 91, 92, 94, 95, 97, 98, 99, 101, 102, 103, 108], "summary": {"covered_lines": 12, "num_statements": 15, "percent_covered": 80.0, "percent_covered_display": "80", "missing_lines": 3, "excluded_lines": 0}, "missing_lines": [104, 105, 106], "excluded_lines": []}, "delete_user_role_assignment": {"executed_lines": [113, 114, 115, 117, 118, 120, 121, 122], "summary": {"covered_lines": 8, "num_statements": 8, "percent_covered": 100.0, "percent_covered_display": "100", "missing_lines": 0, "excluded_lines": 0}, "missing_lines": [], "excluded_lines": []}, "": {"executed_lines": [1, 3, 4, 5, 6, 8, 15, 31, 40, 54, 61, 68, 75, 86, 111], "summary": {"covered_lines": 15, "num_statements": 15, "percent_covered": 100.0, "percent_covered_display": "100", "missing_lines": 0, "excluded_lines": 0}, "missing_lines": [], "excluded_lines": []}}, "classes": {"": {"executed_lines": [1, 3, 4, 5, 6, 8, 15, 19, 20, 21, 22, 23, 24, 25, 26, 28, 31, 33, 35, 36, 37, 40, 44, 50, 51, 54, 56, 57, 58, 61, 63, 64, 65, 68, 70, 71, 72, 75, 79, 82, 83, 86, 90, 91, 92, 94, 95, 97, 98, 99, 101, 102, 103, 108, 111, 113, 114, 115, 117, 118, 120, 121, 122], "summary": {"covered_lines": 63, "num_statements": 67, "percent_covered": 94.02985074626865, "percent_covered_display": "94", "missing_lines": 4, "excluded_lines": 0}, "missing_lines": [34, 104, 105, 106], "excluded_lines": []}}}, "src/backend/base/langbuilder/services/database/models/user_role_assignment/model.py": {"executed_lines": [1, 2, 3, 5, 6, 8, 13, 14, 15, 16, 17, 18, 21, 22, 23, 24, 27, 28, 29, 31, 36, 37, 40, 41, 42, 43, 46, 47, 48, 49, 50, 51, 52], "summary": {"covered_lines": 33, "num_statements": 35, "percent_covered": 94.28571428571429, "percent_covered_display": "94", "missing_lines": 2, "excluded_lines": 0}, "missing_lines": [9, 10], "excluded_lines": [], "functions": {"": {"executed_lines": [1, 2, 3, 5, 6, 8, 13, 14, 15, 16, 17, 18, 21, 22, 23, 24, 27, 28, 29, 31, 36, 37, 40, 41, 42, 43, 46, 47, 48, 49, 50, 51, 52], "summary": {"covered_lines": 33, "num_statements": 35, "percent_covered": 94.28571428571429, "percent_covered_display": "94", "missing_lines": 2, "excluded_lines": 0}, "missing_lines": [9, 10], "excluded_lines": []}}, "classes": {"UserRoleAssignmentBase": {"executed_lines": [], "summary": {"covered_lines": 0, "num_statements": 0, "percent_covered": 100.0, "percent_covered_display": "100", "missing_lines": 0, "excluded_lines": 0}, "missing_lines": [], "excluded_lines": []}, "UserRoleAssignment": {"executed_lines": [], "summary": {"covered_lines": 0, "num_statements": 0, "percent_covered": 100.0, "percent_covered_display": "100", "missing_lines": 0, "excluded_lines": 0}, "missing_lines": [], "excluded_lines": []}, "UserRoleAssignmentCreate": {"executed_lines": [], "summary": {"covered_lines": 0, "num_statements": 0, "percent_covered": 100.0, "percent_covered_display": "100", "missing_lines": 0, "excluded_lines": 0}, "missing_lines": [], "excluded_lines": []}, "UserRoleAssignmentRead": {"executed_lines": [], "summary": {"covered_lines": 0, "num_statements": 0, "percent_covered": 100.0, "percent_covered_display": "100", "missing_lines": 0, "excluded_lines": 0}, "missing_lines": [], "excluded_lines": []}, "UserRoleAssignmentUpdate": {"executed_lines": [], "summary": {"covered_lines": 0, "num_statements": 0, "percent_covered": 100.0, "percent_covered_display": "100", "missing_lines": 0, "excluded_lines": 0}, "missing_lines": [], "excluded_lines": []}, "": {"executed_lines": [1, 2, 3, 5, 6, 8, 13, 14, 15, 16, 17, 18, 21, 22, 23, 24, 27, 28, 29, 31, 36, 37, 40, 41, 42, 43, 46, 47, 48, 49, 50, 51, 52], "summary": {"covered_lines": 33, "num_statements": 35, "percent_covered": 94.28571428571429, "percent_covered_display": "94", "missing_lines": 2, "excluded_lines": 0}, "missing_lines": [9, 10], "excluded_lines": []}}}, "src/backend/base/langbuilder/services/database/models/variable/model.py": {"executed_lines": [1, 2, 3, 5, 6, 8, 10, 14, 18, 19, 20, 21, 22, 25, 26, 32, 37, 42, 44, 45, 48, 49, 51, 54, 55, 56, 57, 58, 59, 61, 62, 63, 69, 70, 71, 72, 73], "summary": {"covered_lines": 37, "num_statements": 42, "percent_covered": 88.0952380952381, "percent_covered_display": "88", "missing_lines": 5, "excluded_lines": 0}, "missing_lines": [11, 15, 64, 65, 66], "excluded_lines": [], "functions": {"utc_now": {"executed_lines": [], "summary": {"covered_lines": 0, "num_statements": 1, "percent_covered": 0.0, "percent_covered_display": "0", "missing_lines": 1, "excluded_lines": 0}, "missing_lines": [15], "excluded_lines": []}, "VariableRead.validate_value": {"executed_lines": [], "summary": {"covered_lines": 0, "num_statements": 3, "percent_covered": 0.0, "percent_covered_display": "0", "missing_lines": 3, "excluded_lines": 0}, "missing_lines": [64, 65, 66], "excluded_lines": []}, "": {"executed_lines": [1, 2, 3, 5, 6, 8, 10, 14, 18, 19, 20, 21, 22, 25, 26, 32, 37, 42, 44, 45, 48, 49, 51, 54, 55, 56, 57, 58, 59, 61, 62, 63, 69, 70, 71, 72, 73], "summary": {"covered_lines": 37, "num_statements": 38, "percent_covered": 97.36842105263158, "percent_covered_display": "97", "missing_lines": 1, "excluded_lines": 0}, "missing_lines": [11], "excluded_lines": []}}, "classes": {"VariableBase": {"executed_lines": [], "summary": {"covered_lines": 0, "num_statements": 0, "percent_covered": 100.0, "percent_covered_display": "100", "missing_lines": 0, "excluded_lines": 0}, "missing_lines": [], "excluded_lines": []}, "Variable": {"executed_lines": [], "summary": {"covered_lines": 0, "num_statements": 0, "percent_covered": 100.0, "percent_covered_display": "100", "missing_lines": 0, "excluded_lines": 0}, "missing_lines": [], "excluded_lines": []}, "VariableCreate": {"executed_lines": [], "summary": {"covered_lines": 0, "num_statements": 0, "percent_covered": 100.0, "percent_covered_display": "100", "missing_lines": 0, "excluded_lines": 0}, "missing_lines": [], "excluded_lines": []}, "VariableRead": {"executed_lines": [], "summary": {"covered_lines": 0, "num_statements": 3, "percent_covered": 0.0, "percent_covered_display": "0", "missing_lines": 3, "excluded_lines": 0}, "missing_lines": [64, 65, 66], "excluded_lines": []}, "VariableUpdate": {"executed_lines": [], "summary": {"covered_lines": 0, "num_statements": 0, "percent_covered": 100.0, "percent_covered_display": "100", "missing_lines": 0, "excluded_lines": 0}, "missing_lines": [], "excluded_lines": []}, "": {"executed_lines": [1, 2, 3, 5, 6, 8, 10, 14, 18, 19, 20, 21, 22, 25, 26, 32, 37, 42, 44, 45, 48, 49, 51, 54, 55, 56, 57, 58, 59, 61, 62, 63, 69, 70, 71, 72, 73], "summary": {"covered_lines": 37, "num_statements": 39, "percent_covered": 94.87179487179488, "percent_covered_display": "95", "missing_lines": 2, "excluded_lines": 0}, "missing_lines": [11, 15], "excluded_lines": []}}}, "src/backend/base/langbuilder/services/database/models/vertex_builds/crud.py": {"executed_lines": [1, 3, 4, 6, 7, 10, 52, 133], "summary": {"covered_lines": 8, "num_statements": 34, "percent_covered": 23.529411764705884, "percent_covered_display": "24", "missing_lines": 26, "excluded_lines": 0}, "missing_lines": [30, 31, 32, 38, 48, 49, 86, 88, 89, 90, 91, 94, 95, 98, 107, 112, 115, 120, 121, 124, 126, 127, 128, 130, 144, 145], "excluded_lines": [], "functions": {"get_vertex_builds_by_flow_id": {"executed_lines": [], "summary": {"covered_lines": 0, "num_statements": 6, "percent_covered": 0.0, "percent_covered_display": "0", "missing_lines": 6, "excluded_lines": 0}, "missing_lines": [30, 31, 32, 38, 48, 49], "excluded_lines": []}, "log_vertex_build": {"executed_lines": [], "summary": {"covered_lines": 0, "num_statements": 18, "percent_covered": 0.0, "percent_covered_display": "0", "missing_lines": 18, "excluded_lines": 0}, "missing_lines": [86, 88, 89, 90, 91, 94, 95, 98, 107, 112, 115, 120, 121, 124, 126, 127, 128, 130], "excluded_lines": []}, "delete_vertex_builds_by_flow_id": {"executed_lines": [], "summary": {"covered_lines": 0, "num_statements": 2, "percent_covered": 0.0, "percent_covered_display": "0", "missing_lines": 2, "excluded_lines": 0}, "missing_lines": [144, 145], "excluded_lines": []}, "": {"executed_lines": [1, 3, 4, 6, 7, 10, 52, 133], "summary": {"covered_lines": 8, "num_statements": 8, "percent_covered": 100.0, "percent_covered_display": "100", "missing_lines": 0, "excluded_lines": 0}, "missing_lines": [], "excluded_lines": []}}, "classes": {"": {"executed_lines": [1, 3, 4, 6, 7, 10, 52, 133], "summary": {"covered_lines": 8, "num_statements": 34, "percent_covered": 23.529411764705884, "percent_covered_display": "24", "missing_lines": 26, "excluded_lines": 0}, "missing_lines": [30, 31, 32, 38, 48, 49, 86, 88, 89, 90, 91, 94, 95, 98, 107, 112, 115, 120, 121, 124, 126, 127, 128, 130, 144, 145], "excluded_lines": []}}}, "src/backend/base/langbuilder/services/database/models/vertex_builds/model.py": {"executed_lines": [1, 2, 4, 5, 6, 8, 11, 12, 13, 14, 15, 16, 17, 18, 21, 22, 24, 25, 26, 33, 34, 35, 40, 41, 49, 50, 58, 59, 68, 69, 70, 73, 74, 76, 77], "summary": {"covered_lines": 35, "num_statements": 52, "percent_covered": 67.3076923076923, "percent_covered_display": "67", "missing_lines": 17, "excluded_lines": 0}, "missing_lines": [27, 28, 29, 30, 31, 36, 37, 38, 47, 56, 65, 78, 79, 80, 81, 82, 83], "excluded_lines": [], "functions": {"VertexBuildBase.validate_flow_id": {"executed_lines": [], "summary": {"covered_lines": 0, "num_statements": 5, "percent_covered": 0.0, "percent_covered_display": "0", "missing_lines": 5, "excluded_lines": 0}, "missing_lines": [27, 28, 29, 30, 31], "excluded_lines": []}, "VertexBuildBase.serialize_timestamp": {"executed_lines": [], "summary": {"covered_lines": 0, "num_statements": 3, "percent_covered": 0.0, "percent_covered_display": "0", "missing_lines": 3, "excluded_lines": 0}, "missing_lines": [36, 37, 38], "excluded_lines": []}, "VertexBuildBase.serialize_data": {"executed_lines": [], "summary": {"covered_lines": 0, "num_statements": 1, "percent_covered": 0.0, "percent_covered_display": "0", "missing_lines": 1, "excluded_lines": 0}, "missing_lines": [47], "excluded_lines": []}, "VertexBuildBase.serialize_artifacts": {"executed_lines": [], "summary": {"covered_lines": 0, "num_statements": 1, "percent_covered": 0.0, "percent_covered_display": "0", "missing_lines": 1, "excluded_lines": 0}, "missing_lines": [56], "excluded_lines": []}, "VertexBuildBase.serialize_params": {"executed_lines": [], "summary": {"covered_lines": 0, "num_statements": 1, "percent_covered": 0.0, "percent_covered_display": "0", "missing_lines": 1, "excluded_lines": 0}, "missing_lines": [65], "excluded_lines": []}, "VertexBuildMapModel.from_list_of_dicts": {"executed_lines": [], "summary": {"covered_lines": 0, "num_statements": 6, "percent_covered": 0.0, "percent_covered_display": "0", "missing_lines": 6, "excluded_lines": 0}, "missing_lines": [78, 79, 80, 81, 82, 83], "excluded_lines": []}, "": {"executed_lines": [1, 2, 4, 5, 6, 8, 11, 12, 13, 14, 15, 16, 17, 18, 21, 22, 24, 25, 26, 33, 34, 35, 40, 41, 49, 50, 58, 59, 68, 69, 70, 73, 74, 76, 77], "summary": {"covered_lines": 35, "num_statements": 35, "percent_covered": 100.0, "percent_covered_display": "100", "missing_lines": 0, "excluded_lines": 0}, "missing_lines": [], "excluded_lines": []}}, "classes": {"VertexBuildBase": {"executed_lines": [], "summary": {"covered_lines": 0, "num_statements": 11, "percent_covered": 0.0, "percent_covered_display": "0", "missing_lines": 11, "excluded_lines": 0}, "missing_lines": [27, 28, 29, 30, 31, 36, 37, 38, 47, 56, 65], "excluded_lines": []}, "VertexBuildBase.Config": {"executed_lines": [], "summary": {"covered_lines": 0, "num_statements": 0, "percent_covered": 100.0, "percent_covered_display": "100", "missing_lines": 0, "excluded_lines": 0}, "missing_lines": [], "excluded_lines": []}, "VertexBuildTable": {"executed_lines": [], "summary": {"covered_lines": 0, "num_statements": 0, "percent_covered": 100.0, "percent_covered_display": "100", "missing_lines": 0, "excluded_lines": 0}, "missing_lines": [], "excluded_lines": []}, "VertexBuildMapModel": {"executed_lines": [], "summary": {"covered_lines": 0, "num_statements": 6, "percent_covered": 0.0, "percent_covered_display": "0", "missing_lines": 6, "excluded_lines": 0}, "missing_lines": [78, 79, 80, 81, 82, 83], "excluded_lines": []}, "": {"executed_lines": [1, 2, 4, 5, 6, 8, 11, 12, 13, 14, 15, 16, 17, 18, 21, 22, 24, 25, 26, 33, 34, 35, 40, 41, 49, 50, 58, 59, 68, 69, 70, 73, 74, 76, 77], "summary": {"covered_lines": 35, "num_statements": 35, "percent_covered": 100.0, "percent_covered_display": "100", "missing_lines": 0, "excluded_lines": 0}, "missing_lines": [], "excluded_lines": []}}}}, "totals": {"covered_lines": 812, "num_statements": 1246, "percent_covered": 65.1685393258427, "percent_covered_display": "65", "missing_lines": 434, "excluded_lines": 0}}