{"meta": {"format": 3, "version": "7.9.2", "timestamp": "2025-11-08T22:18:46.104912", "branch_coverage": false, "show_contexts": false}, "files": {"src/backend/base/langbuilder/services/rbac/exceptions.py": {"executed_lines": [1, 3, 6, 7, 9, 16, 19, 20, 22, 28, 34, 35, 37, 43, 49, 50, 52, 54, 60, 61, 63, 69, 75, 76, 78], "summary": {"covered_lines": 18, "num_statements": 19, "percent_covered": 94.73684210526316, "percent_covered_display": "95", "missing_lines": 1, "excluded_lines": 0}, "missing_lines": [85], "excluded_lines": [], "functions": {"RBACException.__init__": {"executed_lines": [16], "summary": {"covered_lines": 1, "num_statements": 1, "percent_covered": 100.0, "percent_covered_display": "100", "missing_lines": 0, "excluded_lines": 0}, "missing_lines": [], "excluded_lines": []}, "RoleNotFoundException.__init__": {"executed_lines": [28], "summary": {"covered_lines": 1, "num_statements": 1, "percent_covered": 100.0, "percent_covered_display": "100", "missing_lines": 0, "excluded_lines": 0}, "missing_lines": [], "excluded_lines": []}, "AssignmentNotFoundException.__init__": {"executed_lines": [43], "summary": {"covered_lines": 1, "num_statements": 1, "percent_covered": 100.0, "percent_covered_display": "100", "missing_lines": 0, "excluded_lines": 0}, "missing_lines": [], "excluded_lines": []}, "DuplicateAssignmentException.__init__": {"executed_lines": [54], "summary": {"covered_lines": 1, "num_statements": 1, "percent_covered": 100.0, "percent_covered_display": "100", "missing_lines": 0, "excluded_lines": 0}, "missing_lines": [], "excluded_lines": []}, "ImmutableAssignmentException.__init__": {"executed_lines": [69], "summary": {"covered_lines": 1, "num_statements": 1, "percent_covered": 100.0, "percent_covered_display": "100", "missing_lines": 0, "excluded_lines": 0}, "missing_lines": [], "excluded_lines": []}, "PermissionDeniedException.__init__": {"executed_lines": [], "summary": {"covered_lines": 0, "num_statements": 1, "percent_covered": 0.0, "percent_covered_display": "0", "missing_lines": 1, "excluded_lines": 0}, "missing_lines": [85], "excluded_lines": []}, "": {"executed_lines": [1, 3, 6, 7, 9, 19, 20, 22, 34, 35, 37, 49, 50, 52, 60, 61, 63, 75, 76, 78], "summary": {"covered_lines": 13, "num_statements": 13, "percent_covered": 100.0, "percent_covered_display": "100", "missing_lines": 0, "excluded_lines": 0}, "missing_lines": [], "excluded_lines": []}}, "classes": {"RBACException": {"executed_lines": [16], "summary": {"covered_lines": 1, "num_statements": 1, "percent_covered": 100.0, "percent_covered_display": "100", "missing_lines": 0, "excluded_lines": 0}, "missing_lines": [], "excluded_lines": []}, "RoleNotFoundException": {"executed_lines": [28], "summary": {"covered_lines": 1, "num_statements": 1, "percent_covered": 100.0, "percent_covered_display": "100", "missing_lines": 0, "excluded_lines": 0}, "missing_lines": [], "excluded_lines": []}, "AssignmentNotFoundException": {"executed_lines": [43], "summary": {"covered_lines": 1, "num_statements": 1, "percent_covered": 100.0, "percent_covered_display": "100", "missing_lines": 0, "excluded_lines": 0}, "missing_lines": [], "excluded_lines": []}, "DuplicateAssignmentException": {"executed_lines": [54], "summary": {"covered_lines": 1, "num_statements": 1, "percent_covered": 100.0, "percent_covered_display": "100", "missing_lines": 0, "excluded_lines": 0}, "missing_lines": [], "excluded_lines": []}, "ImmutableAssignmentException": {"executed_lines": [69], "summary": {"covered_lines": 1, "num_statements": 1, "percent_covered": 100.0, "percent_covered_display": "100", "missing_lines": 0, "excluded_lines": 0}, "missing_lines": [], "excluded_lines": []}, "PermissionDeniedException": {"executed_lines": [], "summary": {"covered_lines": 0, "num_statements": 1, "percent_covered": 0.0, "percent_covered_display": "0", "missing_lines": 1, "excluded_lines": 0}, "missing_lines": [85], "excluded_lines": []}, "": {"executed_lines": [1, 3, 6, 7, 9, 19, 20, 22, 34, 35, 37, 49, 50, 52, 60, 61, 63, 75, 76, 78], "summary": {"covered_lines": 13, "num_statements": 13, "percent_covered": 100.0, "percent_covered_display": "100", "missing_lines": 0, "excluded_lines": 0}, "missing_lines": [], "excluded_lines": []}}}, "src/backend/base/langbuilder/services/rbac/factory.py": {"executed_lines": [1, 3, 5, 6, 9, 10, 12, 14, 15, 17, 18], "summary": {"covered_lines": 9, "num_statements": 10, "percent_covered": 90.0, "percent_covered_display": "90", "missing_lines": 1, "excluded_lines": 0}, "missing_lines": [20], "excluded_lines": [], "functions": {"RBACServiceFactory.__init__": {"executed_lines": [15], "summary": {"covered_lines": 1, "num_statements": 1, "percent_covered": 100.0, "percent_covered_display": "100", "missing_lines": 0, "excluded_lines": 0}, "missing_lines": [], "excluded_lines": []}, "RBACServiceFactory.create": {"executed_lines": [], "summary": {"covered_lines": 0, "num_statements": 1, "percent_covered": 0.0, "percent_covered_display": "0", "missing_lines": 1, "excluded_lines": 0}, "missing_lines": [20], "excluded_lines": []}, "": {"executed_lines": [1, 3, 5, 6, 9, 10, 12, 14, 17, 18], "summary": {"covered_lines": 8, "num_statements": 8, "percent_covered": 100.0, "percent_covered_display": "100", "missing_lines": 0, "excluded_lines": 0}, "missing_lines": [], "excluded_lines": []}}, "classes": {"RBACServiceFactory": {"executed_lines": [15], "summary": {"covered_lines": 1, "num_statements": 2, "percent_covered": 50.0, "percent_covered_display": "50", "missing_lines": 1, "excluded_lines": 0}, "missing_lines": [20], "excluded_lines": []}, "": {"executed_lines": [1, 3, 5, 6, 9, 10, 12, 14, 17, 18], "summary": {"covered_lines": 8, "num_statements": 8, "percent_covered": 100.0, "percent_covered_display": "100", "missing_lines": 0, "excluded_lines": 0}, "missing_lines": [], "excluded_lines": []}}}, "src/backend/base/langbuilder/services/rbac/service.py": {"executed_lines": [1, 3, 5, 7, 9, 10, 11, 12, 13, 14, 15, 16, 21, 22, 29, 35, 36, 38, 40, 71, 72, 73, 76, 77, 80, 82, 83, 86, 88, 98, 108, 109, 111, 132, 142, 143, 145, 146, 149, 150, 151, 152, 154, 155, 157, 159, 177, 187, 188, 190, 219, 220, 221, 224, 225, 226, 229, 238, 239, 240, 242, 244, 259, 261, 262, 264, 265, 267, 268, 270, 291, 293, 294, 296, 297, 299, 300, 301, 303, 304, 305, 307, 309, 323, 324, 326, 327, 328, 330, 348, 350, 351, 353, 362, 363], "summary": {"covered_lines": 93, "num_statements": 95, "percent_covered": 97.89473684210526, "percent_covered_display": "98", "missing_lines": 2, "excluded_lines": 0}, "missing_lines": [30, 32], "excluded_lines": [], "functions": {"RBACService.can_access": {"executed_lines": [71, 72, 73, 76, 77, 80, 82, 83, 86], "summary": {"covered_lines": 9, "num_statements": 9, "percent_covered": 100.0, "percent_covered_display": "100", "missing_lines": 0, "excluded_lines": 0}, "missing_lines": [], "excluded_lines": []}, "RBACService._has_global_admin_role": {"executed_lines": [98, 108, 109], "summary": {"covered_lines": 3, "num_statements": 3, "percent_covered": 100.0, "percent_covered_display": "100", "missing_lines": 0, "excluded_lines": 0}, "missing_lines": [], "excluded_lines": []}, "RBACService._get_user_role_for_scope": {"executed_lines": [132, 142, 143, 145, 146, 149, 150, 151, 152, 154, 155, 157], "summary": {"covered_lines": 12, "num_statements": 12, "percent_covered": 100.0, "percent_covered_display": "100", "missing_lines": 0, "excluded_lines": 0}, "missing_lines": [], "excluded_lines": []}, "RBACService._role_has_permission": {"executed_lines": [177, 187, 188], "summary": {"covered_lines": 3, "num_statements": 3, "percent_covered": 100.0, "percent_covered_display": "100", "missing_lines": 0, "excluded_lines": 0}, "missing_lines": [], "excluded_lines": []}, "RBACService.assign_role": {"executed_lines": [219, 220, 221, 224, 225, 226, 229, 238, 239, 240, 242], "summary": {"covered_lines": 11, "num_statements": 11, "percent_covered": 100.0, "percent_covered_display": "100", "missing_lines": 0, "excluded_lines": 0}, "missing_lines": [], "excluded_lines": []}, "RBACService.remove_role": {"executed_lines": [259, 261, 262, 264, 265, 267, 268], "summary": {"covered_lines": 7, "num_statements": 7, "percent_covered": 100.0, "percent_covered_display": "100", "missing_lines": 0, "excluded_lines": 0}, "missing_lines": [], "excluded_lines": []}, "RBACService.update_role": {"executed_lines": [291, 293, 294, 296, 297, 299, 300, 301, 303, 304, 305, 307], "summary": {"covered_lines": 12, "num_statements": 12, "percent_covered": 100.0, "percent_covered_display": "100", "missing_lines": 0, "excluded_lines": 0}, "missing_lines": [], "excluded_lines": []}, "RBACService.list_user_assignments": {"executed_lines": [323, 324, 326, 327, 328], "summary": {"covered_lines": 5, "num_statements": 5, "percent_covered": 100.0, "percent_covered_display": "100", "missing_lines": 0, "excluded_lines": 0}, "missing_lines": [], "excluded_lines": []}, "RBACService.get_user_permissions_for_scope": {"executed_lines": [348, 350, 351, 353, 362, 363], "summary": {"covered_lines": 6, "num_statements": 6, "percent_covered": 100.0, "percent_covered_display": "100", "missing_lines": 0, "excluded_lines": 0}, "missing_lines": [], "excluded_lines": []}, "": {"executed_lines": [1, 3, 5, 7, 9, 10, 11, 12, 13, 14, 15, 16, 21, 22, 29, 35, 36, 38, 40, 88, 111, 159, 190, 244, 270, 309, 330], "summary": {"covered_lines": 25, "num_statements": 27, "percent_covered": 92.5925925925926, "percent_covered_display": "93", "missing_lines": 2, "excluded_lines": 0}, "missing_lines": [30, 32], "excluded_lines": []}}, "classes": {"RBACService": {"executed_lines": [71, 72, 73, 76, 77, 80, 82, 83, 86, 98, 108, 109, 132, 142, 143, 145, 146, 149, 150, 151, 152, 154, 155, 157, 177, 187, 188, 219, 220, 221, 224, 225, 226, 229, 238, 239, 240, 242, 259, 261, 262, 264, 265, 267, 268, 291, 293, 294, 296, 297, 299, 300, 301, 303, 304, 305, 307, 323, 324, 326, 327, 328, 348, 350, 351, 353, 362, 363], "summary": {"covered_lines": 68, "num_statements": 68, "percent_covered": 100.0, "percent_covered_display": "100", "missing_lines": 0, "excluded_lines": 0}, "missing_lines": [], "excluded_lines": []}, "": {"executed_lines": [1, 3, 5, 7, 9, 10, 11, 12, 13, 14, 15, 16, 21, 22, 29, 35, 36, 38, 40, 88, 111, 159, 190, 244, 270, 309, 330], "summary": {"covered_lines": 25, "num_statements": 27, "percent_covered": 92.5925925925926, "percent_covered_display": "93", "missing_lines": 2, "excluded_lines": 0}, "missing_lines": [30, 32], "excluded_lines": []}}}}, "totals": {"covered_lines": 120, "num_statements": 124, "percent_covered": 96.7741935483871, "percent_covered_display": "97", "missing_lines": 4, "excluded_lines": 0}}