{"meta": {"format": 3, "version": "7.9.2", "timestamp": "2025-11-05T13:08:14.506850", "branch_coverage": false, "show_contexts": false}, "files": {"src/backend/base/langbuilder/services/database/models/rbac/permission.py": {"executed_lines": [1, 2, 4, 6, 10, 11, 18, 19, 20, 21, 24, 27, 28, 30, 31, 32, 35, 36, 38, 39, 40, 41, 44, 45, 47, 48, 49], "summary": {"covered_lines": 23, "num_statements": 24, "percent_covered": 95.83333333333333, "percent_covered_display": "96", "missing_lines": 1, "excluded_lines": 0}, "missing_lines": [7], "excluded_lines": [], "functions": {"": {"executed_lines": [1, 2, 4, 6, 10, 11, 18, 19, 20, 21, 24, 27, 28, 30, 31, 32, 35, 36, 38, 39, 40, 41, 44, 45, 47, 48, 49], "summary": {"covered_lines": 23, "num_statements": 24, "percent_covered": 95.83333333333333, "percent_covered_display": "96", "missing_lines": 1, "excluded_lines": 0}, "missing_lines": [7], "excluded_lines": []}}, "classes": {"Permission": {"executed_lines": [], "summary": {"covered_lines": 0, "num_statements": 0, "percent_covered": 100.0, "percent_covered_display": "100", "missing_lines": 0, "excluded_lines": 0}, "missing_lines": [], "excluded_lines": []}, "PermissionCreate": {"executed_lines": [], "summary": {"covered_lines": 0, "num_statements": 0, "percent_covered": 100.0, "percent_covered_display": "100", "missing_lines": 0, "excluded_lines": 0}, "missing_lines": [], "excluded_lines": []}, "PermissionRead": {"executed_lines": [], "summary": {"covered_lines": 0, "num_statements": 0, "percent_covered": 100.0, "percent_covered_display": "100", "missing_lines": 0, "excluded_lines": 0}, "missing_lines": [], "excluded_lines": []}, "PermissionUpdate": {"executed_lines": [], "summary": {"covered_lines": 0, "num_statements": 0, "percent_covered": 100.0, "percent_covered_display": "100", "missing_lines": 0, "excluded_lines": 0}, "missing_lines": [], "excluded_lines": []}, "": {"executed_lines": [1, 2, 4, 6, 10, 11, 18, 19, 20, 21, 24, 27, 28, 30, 31, 32, 35, 36, 38, 39, 40, 41, 44, 45, 47, 48, 49], "summary": {"covered_lines": 23, "num_statements": 24, "percent_covered": 95.83333333333333, "percent_covered_display": "96", "missing_lines": 1, "excluded_lines": 0}, "missing_lines": [7], "excluded_lines": []}}}, "src/backend/base/langbuilder/services/database/models/rbac/role.py": {"executed_lines": [1, 2, 4, 6, 11, 12, 19, 20, 21, 22, 25, 26, 29, 30, 32, 33, 34, 37, 38, 40, 41, 42, 43, 46, 47, 49, 50, 51], "summary": {"covered_lines": 24, "num_statements": 26, "percent_covered": 92.3076923076923, "percent_covered_display": "92", "missing_lines": 2, "excluded_lines": 0}, "missing_lines": [7, 8], "excluded_lines": [], "functions": {"": {"executed_lines": [1, 2, 4, 6, 11, 12, 19, 20, 21, 22, 25, 26, 29, 30, 32, 33, 34, 37, 38, 40, 41, 42, 43, 46, 47, 49, 50, 51], "summary": {"covered_lines": 24, "num_statements": 26, "percent_covered": 92.3076923076923, "percent_covered_display": "92", "missing_lines": 2, "excluded_lines": 0}, "missing_lines": [7, 8], "excluded_lines": []}}, "classes": {"Role": {"executed_lines": [], "summary": {"covered_lines": 0, "num_statements": 0, "percent_covered": 100.0, "percent_covered_display": "100", "missing_lines": 0, "excluded_lines": 0}, "missing_lines": [], "excluded_lines": []}, "RoleCreate": {"executed_lines": [], "summary": {"covered_lines": 0, "num_statements": 0, "percent_covered": 100.0, "percent_covered_display": "100", "missing_lines": 0, "excluded_lines": 0}, "missing_lines": [], "excluded_lines": []}, "RoleRead": {"executed_lines": [], "summary": {"covered_lines": 0, "num_statements": 0, "percent_covered": 100.0, "percent_covered_display": "100", "missing_lines": 0, "excluded_lines": 0}, "missing_lines": [], "excluded_lines": []}, "RoleUpdate": {"executed_lines": [], "summary": {"covered_lines": 0, "num_statements": 0, "percent_covered": 100.0, "percent_covered_display": "100", "missing_lines": 0, "excluded_lines": 0}, "missing_lines": [], "excluded_lines": []}, "": {"executed_lines": [1, 2, 4, 6, 11, 12, 19, 20, 21, 22, 25, 26, 29, 30, 32, 33, 34, 37, 38, 40, 41, 42, 43, 46, 47, 49, 50, 51], "summary": {"covered_lines": 24, "num_statements": 26, "percent_covered": 92.3076923076923, "percent_covered_display": "92", "missing_lines": 2, "excluded_lines": 0}, "missing_lines": [7, 8], "excluded_lines": []}}}, "src/backend/base/langbuilder/services/database/models/rbac/role_permission.py": {"executed_lines": [1, 3, 6, 7, 19, 21, 22, 23, 26, 27, 29, 34, 35, 37, 38, 41, 42, 44, 45, 46, 49, 50, 57, 58], "summary": {"covered_lines": 20, "num_statements": 20, "percent_covered": 100.0, "percent_covered_display": "100", "missing_lines": 0, "excluded_lines": 0}, "missing_lines": [], "excluded_lines": [], "functions": {"": {"executed_lines": [1, 3, 6, 7, 19, 21, 22, 23, 26, 27, 29, 34, 35, 37, 38, 41, 42, 44, 45, 46, 49, 50, 57, 58], "summary": {"covered_lines": 20, "num_statements": 20, "percent_covered": 100.0, "percent_covered_display": "100", "missing_lines": 0, "excluded_lines": 0}, "missing_lines": [], "excluded_lines": []}}, "classes": {"RolePermission": {"executed_lines": [], "summary": {"covered_lines": 0, "num_statements": 0, "percent_covered": 100.0, "percent_covered_display": "100", "missing_lines": 0, "excluded_lines": 0}, "missing_lines": [], "excluded_lines": []}, "RolePermissionCreate": {"executed_lines": [], "summary": {"covered_lines": 0, "num_statements": 0, "percent_covered": 100.0, "percent_covered_display": "100", "missing_lines": 0, "excluded_lines": 0}, "missing_lines": [], "excluded_lines": []}, "RolePermissionRead": {"executed_lines": [], "summary": {"covered_lines": 0, "num_statements": 0, "percent_covered": 100.0, "percent_covered_display": "100", "missing_lines": 0, "excluded_lines": 0}, "missing_lines": [], "excluded_lines": []}, "RolePermissionUpdate": {"executed_lines": [], "summary": {"covered_lines": 0, "num_statements": 0, "percent_covered": 100.0, "percent_covered_display": "100", "missing_lines": 0, "excluded_lines": 0}, "missing_lines": [], "excluded_lines": []}, "": {"executed_lines": [1, 3, 6, 7, 19, 21, 22, 23, 26, 27, 29, 34, 35, 37, 38, 41, 42, 44, 45, 46, 49, 50, 57, 58], "summary": {"covered_lines": 20, "num_statements": 20, "percent_covered": 100.0, "percent_covered_display": "100", "missing_lines": 0, "excluded_lines": 0}, "missing_lines": [], "excluded_lines": []}}}, "src/backend/base/langbuilder/services/database/models/rbac/user_role_assignment.py": {"executed_lines": [1, 3, 4, 5, 7, 9, 14, 15, 41, 43, 44, 45, 48, 49, 52, 55, 56, 59, 63, 65, 71, 72, 74, 75, 76, 77, 78, 79, 82, 83, 85, 86, 87, 88, 89, 90, 91, 92, 95, 96, 105, 106, 107, 108, 109, 110], "summary": {"covered_lines": 41, "num_statements": 43, "percent_covered": 95.34883720930233, "percent_covered_display": "95", "missing_lines": 2, "excluded_lines": 0}, "missing_lines": [10, 11], "excluded_lines": [], "functions": {"": {"executed_lines": [1, 3, 4, 5, 7, 9, 14, 15, 41, 43, 44, 45, 48, 49, 52, 55, 56, 59, 63, 65, 71, 72, 74, 75, 76, 77, 78, 79, 82, 83, 85, 86, 87, 88, 89, 90, 91, 92, 95, 96, 105, 106, 107, 108, 109, 110], "summary": {"covered_lines": 41, "num_statements": 43, "percent_covered": 95.34883720930233, "percent_covered_display": "95", "missing_lines": 2, "excluded_lines": 0}, "missing_lines": [10, 11], "excluded_lines": []}}, "classes": {"UserRoleAssignment": {"executed_lines": [], "summary": {"covered_lines": 0, "num_statements": 0, "percent_covered": 100.0, "percent_covered_display": "100", "missing_lines": 0, "excluded_lines": 0}, "missing_lines": [], "excluded_lines": []}, "UserRoleAssignmentCreate": {"executed_lines": [], "summary": {"covered_lines": 0, "num_statements": 0, "percent_covered": 100.0, "percent_covered_display": "100", "missing_lines": 0, "excluded_lines": 0}, "missing_lines": [], "excluded_lines": []}, "UserRoleAssignmentRead": {"executed_lines": [], "summary": {"covered_lines": 0, "num_statements": 0, "percent_covered": 100.0, "percent_covered_display": "100", "missing_lines": 0, "excluded_lines": 0}, "missing_lines": [], "excluded_lines": []}, "UserRoleAssignmentUpdate": {"executed_lines": [], "summary": {"covered_lines": 0, "num_statements": 0, "percent_covered": 100.0, "percent_covered_display": "100", "missing_lines": 0, "excluded_lines": 0}, "missing_lines": [], "excluded_lines": []}, "": {"executed_lines": [1, 3, 4, 5, 7, 9, 14, 15, 41, 43, 44, 45, 48, 49, 52, 55, 56, 59, 63, 65, 71, 72, 74, 75, 76, 77, 78, 79, 82, 83, 85, 86, 87, 88, 89, 90, 91, 92, 95, 96, 105, 106, 107, 108, 109, 110], "summary": {"covered_lines": 41, "num_statements": 43, "percent_covered": 95.34883720930233, "percent_covered_display": "95", "missing_lines": 2, "excluded_lines": 0}, "missing_lines": [10, 11], "excluded_lines": []}}}}, "totals": {"covered_lines": 108, "num_statements": 113, "percent_covered": 95.57522123893806, "percent_covered_display": "96", "missing_lines": 5, "excluded_lines": 0}}